<?xml version="1.0" encoding="UTF-8"?>
<testsuite xmlns:xsi="http://www.w3.org/2001/XMLSchema-instance" xsi:noNamespaceSchemaLocation="https://maven.apache.org/surefire/maven-surefire-plugin/xsd/surefire-test-report-3.0.xsd" version="3.0" name="info.weboftrust.ldsignatures.JsonLdSignPsmsBlsSignatureTest" time="0.219" tests="1" errors="0" skipped="0" failures="0">
  <properties>
    <property name="java.specification.version" value="17"/>
    <property name="sun.cpu.isalist" value="amd64"/>
    <property name="sun.jnu.encoding" value="Cp1252"/>
    <property name="java.class.path" value="C:\Users\pablo\OneDrive\Escritorio\WaltID\zkp\ld-signatures-java\ld-signatures-java\target\test-classes;C:\Users\pablo\OneDrive\Escritorio\WaltID\zkp\ld-signatures-java\ld-signatures-java\target\classes;C:\Users\pablo\.m2\repository\org\apache\logging\log4j\log4j-slf4j-impl\2.17.1\log4j-slf4j-impl-2.17.1.jar;C:\Users\pablo\.m2\repository\org\junit\jupiter\junit-jupiter-engine\5.10.0\junit-jupiter-engine-5.10.0.jar;C:\Users\pablo\.m2\repository\org\junit\platform\junit-platform-engine\1.10.0\junit-platform-engine-1.10.0.jar;C:\Users\pablo\.m2\repository\org\opentest4j\opentest4j\1.3.0\opentest4j-1.3.0.jar;C:\Users\pablo\.m2\repository\org\junit\platform\junit-platform-commons\1.10.0\junit-platform-commons-1.10.0.jar;C:\Users\pablo\.m2\repository\org\junit\jupiter\junit-jupiter-api\5.10.0\junit-jupiter-api-5.10.0.jar;C:\Users\pablo\.m2\repository\org\apiguardian\apiguardian-api\1.1.2\apiguardian-api-1.1.2.jar;C:\Users\pablo\.m2\repository\org\junit\jupiter\junit-jupiter\5.10.0\junit-jupiter-5.10.0.jar;C:\Users\pablo\.m2\repository\org\junit\jupiter\junit-jupiter-params\5.10.0\junit-jupiter-params-5.10.0.jar;C:\Users\pablo\.m2\repository\org\mockito\mockito-core\5.6.0\mockito-core-5.6.0.jar;C:\Users\pablo\.m2\repository\net\bytebuddy\byte-buddy\1.14.8\byte-buddy-1.14.8.jar;C:\Users\pablo\.m2\repository\net\bytebuddy\byte-buddy-agent\1.14.8\byte-buddy-agent-1.14.8.jar;C:\Users\pablo\.m2\repository\org\objenesis\objenesis\3.3\objenesis-3.3.jar;C:\Users\pablo\.m2\repository\org\mockito\mockito-junit-jupiter\5.6.0\mockito-junit-jupiter-5.6.0.jar;C:\Users\pablo\.m2\repository\decentralized-identity\jsonld-common-java\1.8.0\jsonld-common-java-1.8.0.jar;C:\Users\pablo\.m2\repository\com\apicatalog\titanium-json-ld\1.3.2\titanium-json-ld-1.3.2.jar;C:\Users\pablo\.m2\repository\io\setl\rdf-urdna\1.2\rdf-urdna-1.2.jar;C:\Users\pablo\.m2\repository\org\glassfish\jakarta.json\2.0.1\jakarta.json-2.0.1.jar;C:\Users\pablo\.m2\repository\com\fasterxml\jackson\core\jackson-databind\2.15.3\jackson-databind-2.15.3.jar;C:\Users\pablo\.m2\repository\com\fasterxml\jackson\core\jackson-core\2.15.3\jackson-core-2.15.3.jar;C:\Users\pablo\.m2\repository\com\danubetech\key-formats-java\1.13-SNAPSHOT\key-formats-java-1.13-SNAPSHOT.jar;C:\Users\pablo\.m2\repository\commons-codec\commons-codec\1.16.0\commons-codec-1.16.0.jar;C:\Users\pablo\.m2\repository\org\bouncycastle\bcprov-jdk18on\1.76\bcprov-jdk18on-1.76.jar;C:\Users\pablo\.m2\repository\com\goterl\lazysodium-java\5.1.4\lazysodium-java-5.1.4.jar;C:\Users\pablo\.m2\repository\com\goterl\resource-loader\2.0.2\resource-loader-2.0.2.jar;C:\Users\pablo\.m2\repository\org\bitcoinj\bitcoinj-core\0.16.2\bitcoinj-core-0.16.2.jar;C:\Users\pablo\.m2\repository\net\jcip\jcip-annotations\1.0\jcip-annotations-1.0.jar;C:\Users\pablo\.m2\repository\com\google\guava\guava\32.1.3-jre\guava-32.1.3-jre.jar;C:\Users\pablo\.m2\repository\com\google\guava\failureaccess\1.0.1\failureaccess-1.0.1.jar;C:\Users\pablo\.m2\repository\com\google\guava\listenablefuture\9999.0-empty-to-avoid-conflict-with-guava\listenablefuture-9999.0-empty-to-avoid-conflict-with-guava.jar;C:\Users\pablo\.m2\repository\org\checkerframework\checker-qual\3.37.0\checker-qual-3.37.0.jar;C:\Users\pablo\.m2\repository\com\google\j2objc\j2objc-annotations\2.8\j2objc-annotations-2.8.jar;C:\Users\pablo\.m2\repository\org\json\json\20231013\json-20231013.jar;C:\Users\pablo\.m2\repository\org\web3j\crypto\5.0.0\crypto-5.0.0.jar;C:\Users\pablo\.m2\repository\org\web3j\abi\5.0.0\abi-5.0.0.jar;C:\Users\pablo\.m2\repository\org\web3j\rlp\5.0.0\rlp-5.0.0.jar;C:\Users\pablo\.m2\repository\org\web3j\utils\5.0.0\utils-5.0.0.jar;C:\Users\pablo\.m2\repository\io\github\erdtman\java-json-canonicalization\1.1\java-json-canonicalization-1.1.jar;C:\Users\pablo\.m2\repository\com\nimbusds\nimbus-jose-jwt\9.37\nimbus-jose-jwt-9.37.jar;C:\Users\pablo\.m2\repository\com\github\stephenc\jcip\jcip-annotations\1.0-1\jcip-annotations-1.0-1.jar;C:\Users\pablo\.m2\repository\com\github\multiformats\java-multibase\1.1.1\java-multibase-1.1.1.jar;C:\Users\pablo\.m2\repository\org\hyperledger\indy\1.16.0\indy-1.16.0.jar;C:\Users\pablo\.m2\repository\net\java\dev\jna\jna\4.4.0\jna-4.4.0.jar;C:\Users\pablo\.m2\repository\org\apache\commons\commons-lang3\3.5\commons-lang3-3.5.jar;C:\Users\pablo\.m2\repository\com\google\crypto\tink\tink\1.11.0\tink-1.11.0.jar;C:\Users\pablo\.m2\repository\com\google\code\findbugs\jsr305\3.0.2\jsr305-3.0.2.jar;C:\Users\pablo\.m2\repository\com\google\code\gson\gson\2.10.1\gson-2.10.1.jar;C:\Users\pablo\.m2\repository\com\google\errorprone\error_prone_annotations\2.18.0\error_prone_annotations-2.18.0.jar;C:\Users\pablo\.m2\repository\com\google\protobuf\protobuf-java\3.19.6\protobuf-java-3.19.6.jar;C:\Users\pablo\.m2\repository\com\github\mattrglobal\bbs.signatures\1.5-21-07-2021\bbs.signatures-1.5-21-07-2021.jar;C:\Users\pablo\.m2\repository\org\apache\commons\commons-math3\3.6.1\commons-math3-3.6.1.jar;C:\Users\pablo\.m2\repository\org\slf4j\slf4j-api\1.7.32\slf4j-api-1.7.32.jar;C:\Users\pablo\.m2\repository\org\apache\logging\log4j\log4j-api\2.17.1\log4j-api-2.17.1.jar;C:\Users\pablo\.m2\repository\org\apache\logging\log4j\log4j-core\2.17.1\log4j-core-2.17.1.jar;C:\Users\pablo\.m2\repository\org\example\PsmsLibrary\1.0-SNAPSHOT\PsmsLibrary-1.0-SNAPSHOT.jar;C:\Users\pablo\.m2\repository\org\miracl\core\4.0-SNAPSHOT\core-4.0-SNAPSHOT.jar;C:\Users\pablo\.m2\repository\com\fasterxml\jackson\core\jackson-annotations\2.13.1\jackson-annotations-2.13.1.jar;C:\Users\pablo\.m2\repository\org\hamcrest\hamcrest-core\2.2\hamcrest-core-2.2.jar;C:\Users\pablo\.m2\repository\org\hamcrest\hamcrest\2.2\hamcrest-2.2.jar;"/>
    <property name="java.vm.vendor" value="Oracle Corporation"/>
    <property name="sun.arch.data.model" value="64"/>
    <property name="user.variant" value=""/>
    <property name="java.vendor.url" value="https://java.oracle.com/"/>
    <property name="user.timezone" value="Europe/Madrid"/>
    <property name="os.name" value="Windows 10"/>
    <property name="java.vm.specification.version" value="17"/>
    <property name="sun.java.launcher" value="SUN_STANDARD"/>
    <property name="user.country" value="ES"/>
    <property name="sun.boot.library.path" value="C:\Program Files\Java\jdk-17\bin"/>
    <property name="sun.java.command" value="C:\Users\pablo\AppData\Local\Temp\surefire3356296805306953912\surefirebooter-20231221111936582_3.jar C:\Users\pablo\AppData\Local\Temp\surefire3356296805306953912 2023-12-21T11-19-36_488-jvmRun1 surefire-20231221111936582_1tmp surefire_0-20231221111936582_2tmp"/>
    <property name="jdk.debug" value="release"/>
    <property name="surefire.test.class.path" value="C:\Users\pablo\OneDrive\Escritorio\WaltID\zkp\ld-signatures-java\ld-signatures-java\target\test-classes;C:\Users\pablo\OneDrive\Escritorio\WaltID\zkp\ld-signatures-java\ld-signatures-java\target\classes;C:\Users\pablo\.m2\repository\org\apache\logging\log4j\log4j-slf4j-impl\2.17.1\log4j-slf4j-impl-2.17.1.jar;C:\Users\pablo\.m2\repository\org\junit\jupiter\junit-jupiter-engine\5.10.0\junit-jupiter-engine-5.10.0.jar;C:\Users\pablo\.m2\repository\org\junit\platform\junit-platform-engine\1.10.0\junit-platform-engine-1.10.0.jar;C:\Users\pablo\.m2\repository\org\opentest4j\opentest4j\1.3.0\opentest4j-1.3.0.jar;C:\Users\pablo\.m2\repository\org\junit\platform\junit-platform-commons\1.10.0\junit-platform-commons-1.10.0.jar;C:\Users\pablo\.m2\repository\org\junit\jupiter\junit-jupiter-api\5.10.0\junit-jupiter-api-5.10.0.jar;C:\Users\pablo\.m2\repository\org\apiguardian\apiguardian-api\1.1.2\apiguardian-api-1.1.2.jar;C:\Users\pablo\.m2\repository\org\junit\jupiter\junit-jupiter\5.10.0\junit-jupiter-5.10.0.jar;C:\Users\pablo\.m2\repository\org\junit\jupiter\junit-jupiter-params\5.10.0\junit-jupiter-params-5.10.0.jar;C:\Users\pablo\.m2\repository\org\mockito\mockito-core\5.6.0\mockito-core-5.6.0.jar;C:\Users\pablo\.m2\repository\net\bytebuddy\byte-buddy\1.14.8\byte-buddy-1.14.8.jar;C:\Users\pablo\.m2\repository\net\bytebuddy\byte-buddy-agent\1.14.8\byte-buddy-agent-1.14.8.jar;C:\Users\pablo\.m2\repository\org\objenesis\objenesis\3.3\objenesis-3.3.jar;C:\Users\pablo\.m2\repository\org\mockito\mockito-junit-jupiter\5.6.0\mockito-junit-jupiter-5.6.0.jar;C:\Users\pablo\.m2\repository\decentralized-identity\jsonld-common-java\1.8.0\jsonld-common-java-1.8.0.jar;C:\Users\pablo\.m2\repository\com\apicatalog\titanium-json-ld\1.3.2\titanium-json-ld-1.3.2.jar;C:\Users\pablo\.m2\repository\io\setl\rdf-urdna\1.2\rdf-urdna-1.2.jar;C:\Users\pablo\.m2\repository\org\glassfish\jakarta.json\2.0.1\jakarta.json-2.0.1.jar;C:\Users\pablo\.m2\repository\com\fasterxml\jackson\core\jackson-databind\2.15.3\jackson-databind-2.15.3.jar;C:\Users\pablo\.m2\repository\com\fasterxml\jackson\core\jackson-core\2.15.3\jackson-core-2.15.3.jar;C:\Users\pablo\.m2\repository\com\danubetech\key-formats-java\1.13-SNAPSHOT\key-formats-java-1.13-SNAPSHOT.jar;C:\Users\pablo\.m2\repository\commons-codec\commons-codec\1.16.0\commons-codec-1.16.0.jar;C:\Users\pablo\.m2\repository\org\bouncycastle\bcprov-jdk18on\1.76\bcprov-jdk18on-1.76.jar;C:\Users\pablo\.m2\repository\com\goterl\lazysodium-java\5.1.4\lazysodium-java-5.1.4.jar;C:\Users\pablo\.m2\repository\com\goterl\resource-loader\2.0.2\resource-loader-2.0.2.jar;C:\Users\pablo\.m2\repository\org\bitcoinj\bitcoinj-core\0.16.2\bitcoinj-core-0.16.2.jar;C:\Users\pablo\.m2\repository\net\jcip\jcip-annotations\1.0\jcip-annotations-1.0.jar;C:\Users\pablo\.m2\repository\com\google\guava\guava\32.1.3-jre\guava-32.1.3-jre.jar;C:\Users\pablo\.m2\repository\com\google\guava\failureaccess\1.0.1\failureaccess-1.0.1.jar;C:\Users\pablo\.m2\repository\com\google\guava\listenablefuture\9999.0-empty-to-avoid-conflict-with-guava\listenablefuture-9999.0-empty-to-avoid-conflict-with-guava.jar;C:\Users\pablo\.m2\repository\org\checkerframework\checker-qual\3.37.0\checker-qual-3.37.0.jar;C:\Users\pablo\.m2\repository\com\google\j2objc\j2objc-annotations\2.8\j2objc-annotations-2.8.jar;C:\Users\pablo\.m2\repository\org\json\json\20231013\json-20231013.jar;C:\Users\pablo\.m2\repository\org\web3j\crypto\5.0.0\crypto-5.0.0.jar;C:\Users\pablo\.m2\repository\org\web3j\abi\5.0.0\abi-5.0.0.jar;C:\Users\pablo\.m2\repository\org\web3j\rlp\5.0.0\rlp-5.0.0.jar;C:\Users\pablo\.m2\repository\org\web3j\utils\5.0.0\utils-5.0.0.jar;C:\Users\pablo\.m2\repository\io\github\erdtman\java-json-canonicalization\1.1\java-json-canonicalization-1.1.jar;C:\Users\pablo\.m2\repository\com\nimbusds\nimbus-jose-jwt\9.37\nimbus-jose-jwt-9.37.jar;C:\Users\pablo\.m2\repository\com\github\stephenc\jcip\jcip-annotations\1.0-1\jcip-annotations-1.0-1.jar;C:\Users\pablo\.m2\repository\com\github\multiformats\java-multibase\1.1.1\java-multibase-1.1.1.jar;C:\Users\pablo\.m2\repository\org\hyperledger\indy\1.16.0\indy-1.16.0.jar;C:\Users\pablo\.m2\repository\net\java\dev\jna\jna\4.4.0\jna-4.4.0.jar;C:\Users\pablo\.m2\repository\org\apache\commons\commons-lang3\3.5\commons-lang3-3.5.jar;C:\Users\pablo\.m2\repository\com\google\crypto\tink\tink\1.11.0\tink-1.11.0.jar;C:\Users\pablo\.m2\repository\com\google\code\findbugs\jsr305\3.0.2\jsr305-3.0.2.jar;C:\Users\pablo\.m2\repository\com\google\code\gson\gson\2.10.1\gson-2.10.1.jar;C:\Users\pablo\.m2\repository\com\google\errorprone\error_prone_annotations\2.18.0\error_prone_annotations-2.18.0.jar;C:\Users\pablo\.m2\repository\com\google\protobuf\protobuf-java\3.19.6\protobuf-java-3.19.6.jar;C:\Users\pablo\.m2\repository\com\github\mattrglobal\bbs.signatures\1.5-21-07-2021\bbs.signatures-1.5-21-07-2021.jar;C:\Users\pablo\.m2\repository\org\apache\commons\commons-math3\3.6.1\commons-math3-3.6.1.jar;C:\Users\pablo\.m2\repository\org\slf4j\slf4j-api\1.7.32\slf4j-api-1.7.32.jar;C:\Users\pablo\.m2\repository\org\apache\logging\log4j\log4j-api\2.17.1\log4j-api-2.17.1.jar;C:\Users\pablo\.m2\repository\org\apache\logging\log4j\log4j-core\2.17.1\log4j-core-2.17.1.jar;C:\Users\pablo\.m2\repository\org\example\PsmsLibrary\1.0-SNAPSHOT\PsmsLibrary-1.0-SNAPSHOT.jar;C:\Users\pablo\.m2\repository\org\miracl\core\4.0-SNAPSHOT\core-4.0-SNAPSHOT.jar;C:\Users\pablo\.m2\repository\com\fasterxml\jackson\core\jackson-annotations\2.13.1\jackson-annotations-2.13.1.jar;C:\Users\pablo\.m2\repository\org\hamcrest\hamcrest-core\2.2\hamcrest-core-2.2.jar;C:\Users\pablo\.m2\repository\org\hamcrest\hamcrest\2.2\hamcrest-2.2.jar;"/>
    <property name="sun.cpu.endian" value="little"/>
    <property name="user.home" value="C:\Users\pablo"/>
    <property name="user.language" value="es"/>
    <property name="java.specification.vendor" value="Oracle Corporation"/>
    <property name="java.version.date" value="2023-10-17"/>
    <property name="java.home" value="C:\Program Files\Java\jdk-17"/>
    <property name="file.separator" value="\"/>
    <property name="basedir" value="C:\Users\pablo\OneDrive\Escritorio\WaltID\zkp\ld-signatures-java\ld-signatures-java"/>
    <property name="java.vm.compressedOopsMode" value="Zero based"/>
    <property name="line.separator" value="&#10;"/>
    <property name="java.vm.specification.vendor" value="Oracle Corporation"/>
    <property name="java.specification.name" value="Java Platform API Specification"/>
    <property name="surefire.real.class.path" value="C:\Users\pablo\AppData\Local\Temp\surefire3356296805306953912\surefirebooter-20231221111936582_3.jar"/>
    <property name="user.script" value=""/>
    <property name="sun.management.compiler" value="HotSpot 64-Bit Tiered Compilers"/>
    <property name="java.runtime.version" value="17.0.9+11-LTS-201"/>
    <property name="user.name" value="pablo"/>
    <property name="path.separator" value=";"/>
    <property name="os.version" value="10.0"/>
    <property name="java.runtime.name" value="Java(TM) SE Runtime Environment"/>
    <property name="file.encoding" value="Cp1252"/>
    <property name="java.vm.name" value="Java HotSpot(TM) 64-Bit Server VM"/>
    <property name="localRepository" value="C:\Users\pablo\.m2\repository"/>
    <property name="java.vendor.url.bug" value="https://bugreport.java.com/bugreport/"/>
    <property name="java.io.tmpdir" value="C:\Users\pablo\AppData\Local\Temp\"/>
    <property name="java.version" value="17.0.9"/>
    <property name="user.dir" value="C:\Users\pablo\OneDrive\Escritorio\WaltID\zkp\ld-signatures-java\ld-signatures-java"/>
    <property name="os.arch" value="amd64"/>
    <property name="java.vm.specification.name" value="Java Virtual Machine Specification"/>
    <property name="sun.os.patch.level" value=""/>
    <property name="native.encoding" value="Cp1252"/>
    <property name="java.library.path" value="C:\Program Files\Java\jdk-17\bin;C:\Windows\Sun\Java\bin;C:\Windows\system32;C:\Windows;C:\Program Files\Common Files\Oracle\Java\javapath;C:\Program Files (x86)\Common Files\Oracle\Java\javapath;C:\Windows\system32;C:\Windows;C:\Windows\System32\Wbem;C:\Windows\System32\WindowsPowerShell\v1.0\;C:\Windows\System32\OpenSSH\;C:\Program Files\Git\cmd;C:\Program Files\Common Files\Oracle\Java\javapath;C:\Program Files (x86)\Common Files\Oracle\Java\javapath;C:\Windows\system32;C:\Windows;C:\Windows\System32\Wbem;C:\Windows\System32\WindowsPowerShell\v1.0\;C:\Windows\System32\OpenSSH\;C:\Program Files\Git\cmd;C:\Users\pablo\AppData\Local\Programs\Python\Launcher\;C:\Users\pablo\AppData\Local\Microsoft\WindowsApps;;C:\Users\pablo\AppData\Local\Programs\Microsoft VS Code\bin;C:\Program Files\apache-maven-3.9.6\bin;."/>
    <property name="java.vm.info" value="mixed mode, sharing"/>
    <property name="java.vendor" value="Oracle Corporation"/>
    <property name="java.vm.version" value="17.0.9+11-LTS-201"/>
    <property name="sun.io.unicode.encoding" value="UnicodeLittle"/>
    <property name="java.class.version" value="61.0"/>
  </properties>
  <testcase name="testSign" classname="info.weboftrust.ldsignatures.JsonLdSignPsmsBlsSignatureTest" time="0.219">
    <system-out><![CDATA[CREDENCIAL BASE
{"@context":["https://www.w3.org/2018/credentials/v1","https://w3id.org/citizenship/v1","https://ssiproject.inf.um.es/security/psms/v1"],"credentialSubject":{"birthCountry":"Bahamas","birthDate":"1958-07-17","commuterClassification":"C1","familyName":"SMITH","gender":"Male","givenName":"JOHN","id":"did:example:b34ca6cd37bbf23","image":"data:image/png;base64,iVBORw0KGgokJggg==","lprCategory":"C09","lprNumber":"999-999-999","residentSince":"2015-01-01","type":["PermanentResident","Person"]},"description":"Government of Example Permanent Resident Card.","expirationDate":"2029-12-03T12:19:52Z","id":"https://issuer.oidp.uscis.gov/credentials/83627465","issuanceDate":"2019-12-03T12:19:52Z","issuer":"did:key:zfqLqehvuxiwMHJz27XNid1nYWyK3SLWue7gwwdbMxHs6EVwYUEir131KTrQymZJhRrYDZ6tzYexYktXwSHGZ4UboTWinSmg2xtVg4QwzZ8h1cevBU8CYwFC51hfJbCgKyPpwQCGWZv27jzRdHgMT5f41Ffx3GVNKZhDqti1TY7uMrQ8gHxyyjewpE6REMe6toATxf1y8mk9vEq1uQ6AVmqMXQjtUUTBBGzY3HovGWz9vuQZZTYDUutba2aLQeqCda4pvTCUHv7TCgEi9rUAovcsxxkxMCy3LJkpejuy51tRkKHmVKkyVkRr5DssE8zqG8fPqwXq9fmQGDWnJMUpvJJAwf6i9Rn9oBtetuoWPCufrJkVPHSTdC27ZCMQy9WNG3SpLnbc9bH6MrFQW2hmnScbn7ouDAqT5fAmuZX6oPEyKEvPbJS9tudazdgGuSnnfxX8osYJwdR38UECGksEtDxT3njfzHv57DjBSig19ALMfqgTNZdyZdNJzK888v98VWxyCRDy8xHn54FoxptdwAwvupP6aLEdBWYq2cf1fz4pQvC54yLnz24xjG4x7BjphVSSx9YrUkYSgrZsV2b1vmyU5zdRAHMVePzYUjHissU1FN2jCHU4Z5vT2kXxXm4srGJPEWKN8gfC2QQRZa8jUGftmm3JSBmvD82UkmFWcrqYASpEpxy5sWXsjvprqgjP8rrNMcL32yHNWU63WuExkubC49u1GsrkyLnsmsZWzLfrHeBwn4K5vkgXnZ6Bq8Ft5szmhVryMTqtuvHrpjLQkU3LX3ZnBkTr7MxdRpesxik8NSDrGThq3a3Uz71uJF6RtdVHzddQkU4J28XuTM6kmtvovbgDGm9C5oS9x1GEmM4gYVHp3KKNs4niijQHubmVCyyny7HvpHCad1SnRb1niWJwsJiajaKy8eWjbVkdpbufvm6hqhg5q7RZJzibWVT5758xZxmrxScqWCETDgYdaQvTDwf1NYDsuw4jB9YHfdnL6EBbkZvugdA7DLaCipm9dLizQa1KfTz9FUGSH93VSmwghpBXKVFdm4NQ9BjSaizRrtvqgT43aTR51NKkdBjyoJ8pogyQmVoUHoxqMVRHHCxKdAL2HzGot5JzKzXsVy1iAEmQdJHYQsPSPTdKtpK1XFaFrw87KAa9zMFRadteNqKDrtd2pPere8BT3RfM7cgvcHZ2PhsqENzv5UAQ4ZqxPB29gALpxAQTHwhi5zMVwb6JACECVuveUDsAhjXQcV8G9rHRikHDi8F875wHyVn6BxTtedHo7NGpYsnb6t9XooWKYVgUiH9yoSeCPTueKGKaVGqFwW8GWojY7Eowr5rMUmMXQUtLQNeQbyJV4e1pkv9ReCgdgwBQ6kopyrH6mD1JMyVhVzFR34MrxkxuymH9ZvCAgNEhYdgd7AfW7ssu1W2YLHFECAGsjUwuP13dHwwbeM35L1aP9a5aMwtcrWvLH6eRsXqusNAk1Pq4hxAVzmdmw5DMFNQoJEzGGw2bDhiSTpYmEZFXkrrpa9FrBg5oh3DyQrq5pMXx3p4LJ9YcQTGtd4npsWxVAegN6L5EpPcyfY3jfqAE2hvFyNXrFT4SZshKKHChHg5KdFC4hLeE9SGznvYQwdUrYsPpkZS8QjDfJFF2CQMEmZy9pKHYfVFbE1LnQHNfrzVWkP5PxYnmD2bL7wDYtiU4KGEV21rAhx2dfNSb32eFkEDgK4hYJBS7Ue","name":"Permanent Resident Card","proof":{"created":"2023-04-24T16:45:03.115015899+02:00","proofPurpose":"assertionMethod","proofValue":"BAYB91H22ZfK53z5IhHZi3TAB0kZ8qLRWgNJnkvuGjH5myfgy6lY361Tnftdq4X0IxJK4tgyNUFWbYBViSZPhQcxvk5hOMG9FqoT0zbXkW7Mrk5KgDEAs09f9KA6DN4m6hMR6xilKqIYZU7BuamtDAIuxjPfjDu1RIsGDqbk2kyb1NP27C-HlwWSeg6U64RsBRD0TA4ANQ_lQYsiXpGluGSMyz4HEHYNMbRPd89K1q8ExnDI0Hmqnw9GuB4f8GNQogQTQV6ns0S75hHbJASxbIpSEAUZT4hmlh6v0lXnEf8VAgcOmHC6LgQB2Cmr_wx5wx4UsYneR3ugr5VthJPNWkvQN05Q_IvOOFCuUsVQaRz8HbbM-fgkzwM0FqZWrrKCh3QNpWatfxOXUeRReiI-X6sBPgxwvIX8WTQtGdSRPA3_M_cLWuQ1MnApzzI8JB7kqD4PeqjfxyPhAwUEd0xE-jelT05uVvomU0K79Cv4TDHUn417gxP1GIF5TrO23nNB5HaHgv4lZNxo2RRkk-QBPRSPRIQMy4PVIuTYJEAqJ_7am51ZLKUepVLgbwN7TmVM59M","type":"PsmsBlsSignature2022","verificationMethod":"did:key:zfqLqehvuxiwMHJz27XNid1nYWyK3SLWue7gwwdbMxHs6EVwYUEir131KTrQymZJhRrYDZ6tzYexYktXwSHGZ4UboTWinSmg2xtVg4QwzZ8h1cevBU8CYwFC51hfJbCgKyPpwQCGWZv27jzRdHgMT5f41Ffx3GVNKZhDqti1TY7uMrQ8gHxyyjewpE6REMe6toATxf1y8mk9vEq1uQ6AVmqMXQjtUUTBBGzY3HovGWz9vuQZZTYDUutba2aLQeqCda4pvTCUHv7TCgEi9rUAovcsxxkxMCy3LJkpejuy51tRkKHmVKkyVkRr5DssE8zqG8fPqwXq9fmQGDWnJMUpvJJAwf6i9Rn9oBtetuoWPCufrJkVPHSTdC27ZCMQy9WNG3SpLnbc9bH6MrFQW2hmnScbn7ouDAqT5fAmuZX6oPEyKEvPbJS9tudazdgGuSnnfxX8osYJwdR38UECGksEtDxT3njfzHv57DjBSig19ALMfqgTNZdyZdNJzK888v98VWxyCRDy8xHn54FoxptdwAwvupP6aLEdBWYq2cf1fz4pQvC54yLnz24xjG4x7BjphVSSx9YrUkYSgrZsV2b1vmyU5zdRAHMVePzYUjHissU1FN2jCHU4Z5vT2kXxXm4srGJPEWKN8gfC2QQRZa8jUGftmm3JSBmvD82UkmFWcrqYASpEpxy5sWXsjvprqgjP8rrNMcL32yHNWU63WuExkubC49u1GsrkyLnsmsZWzLfrHeBwn4K5vkgXnZ6Bq8Ft5szmhVryMTqtuvHrpjLQkU3LX3ZnBkTr7MxdRpesxik8NSDrGThq3a3Uz71uJF6RtdVHzddQkU4J28XuTM6kmtvovbgDGm9C5oS9x1GEmM4gYVHp3KKNs4niijQHubmVCyyny7HvpHCad1SnRb1niWJwsJiajaKy8eWjbVkdpbufvm6hqhg5q7RZJzibWVT5758xZxmrxScqWCETDgYdaQvTDwf1NYDsuw4jB9YHfdnL6EBbkZvugdA7DLaCipm9dLizQa1KfTz9FUGSH93VSmwghpBXKVFdm4NQ9BjSaizRrtvqgT43aTR51NKkdBjyoJ8pogyQmVoUHoxqMVRHHCxKdAL2HzGot5JzKzXsVy1iAEmQdJHYQsPSPTdKtpK1XFaFrw87KAa9zMFRadteNqKDrtd2pPere8BT3RfM7cgvcHZ2PhsqENzv5UAQ4ZqxPB29gALpxAQTHwhi5zMVwb6JACECVuveUDsAhjXQcV8G9rHRikHDi8F875wHyVn6BxTtedHo7NGpYsnb6t9XooWKYVgUiH9yoSeCPTueKGKaVGqFwW8GWojY7Eowr5rMUmMXQUtLQNeQbyJV4e1pkv9ReCgdgwBQ6kopyrH6mD1JMyVhVzFR34MrxkxuymH9ZvCAgNEhYdgd7AfW7ssu1W2YLHFECAGsjUwuP13dHwwbeM35L1aP9a5aMwtcrWvLH6eRsXqusNAk1Pq4hxAVzmdmw5DMFNQoJEzGGw2bDhiSTpYmEZFXkrrpa9FrBg5oh3DyQrq5pMXx3p4LJ9YcQTGtd4npsWxVAegN6L5EpPcyfY3jfqAE2hvFyNXrFT4SZshKKHChHg5KdFC4hLeE9SGznvYQwdUrYsPpkZS8QjDfJFF2CQMEmZy9pKHYfVFbE1LnQHNfrzVWkP5PxYnmD2bL7wDYtiU4KGEV21rAhx2dfNSb32eFkEDgK4hYJBS7Ue#zfqLqehvuxiwMHJz27XNid1nYWyK3SLWue7gwwdbMxHs6EVwYUEir131KTrQymZJhRrYDZ6tzYexYktXwSHGZ4UboTWinSmg2xtVg4QwzZ8h1cevBU8CYwFC51hfJbCgKyPpwQCGWZv27jzRdHgMT5f41Ffx3GVNKZhDqti1TY7uMrQ8gHxyyjewpE6REMe6toATxf1y8mk9vEq1uQ6AVmqMXQjtUUTBBGzY3HovGWz9vuQZZTYDUutba2aLQeqCda4pvTCUHv7TCgEi9rUAovcsxxkxMCy3LJkpejuy51tRkKHmVKkyVkRr5DssE8zqG8fPqwXq9fmQGDWnJMUpvJJAwf6i9Rn9oBtetuoWPCufrJkVPHSTdC27ZCMQy9WNG3SpLnbc9bH6MrFQW2hmnScbn7ouDAqT5fAmuZX6oPEyKEvPbJS9tudazdgGuSnnfxX8osYJwdR38UECGksEtDxT3njfzHv57DjBSig19ALMfqgTNZdyZdNJzK888v98VWxyCRDy8xHn54FoxptdwAwvupP6aLEdBWYq2cf1fz4pQvC54yLnz24xjG4x7BjphVSSx9YrUkYSgrZsV2b1vmyU5zdRAHMVePzYUjHissU1FN2jCHU4Z5vT2kXxXm4srGJPEWKN8gfC2QQRZa8jUGftmm3JSBmvD82UkmFWcrqYASpEpxy5sWXsjvprqgjP8rrNMcL32yHNWU63WuExkubC49u1GsrkyLnsmsZWzLfrHeBwn4K5vkgXnZ6Bq8Ft5szmhVryMTqtuvHrpjLQkU3LX3ZnBkTr7MxdRpesxik8NSDrGThq3a3Uz71uJF6RtdVHzddQkU4J28XuTM6kmtvovbgDGm9C5oS9x1GEmM4gYVHp3KKNs4niijQHubmVCyyny7HvpHCad1SnRb1niWJwsJiajaKy8eWjbVkdpbufvm6hqhg5q7RZJzibWVT5758xZxmrxScqWCETDgYdaQvTDwf1NYDsuw4jB9YHfdnL6EBbkZvugdA7DLaCipm9dLizQa1KfTz9FUGSH93VSmwghpBXKVFdm4NQ9BjSaizRrtvqgT43aTR51NKkdBjyoJ8pogyQmVoUHoxqMVRHHCxKdAL2HzGot5JzKzXsVy1iAEmQdJHYQsPSPTdKtpK1XFaFrw87KAa9zMFRadteNqKDrtd2pPere8BT3RfM7cgvcHZ2PhsqENzv5UAQ4ZqxPB29gALpxAQTHwhi5zMVwb6JACECVuveUDsAhjXQcV8G9rHRikHDi8F875wHyVn6BxTtedHo7NGpYsnb6t9XooWKYVgUiH9yoSeCPTueKGKaVGqFwW8GWojY7Eowr5rMUmMXQUtLQNeQbyJV4e1pkv9ReCgdgwBQ6kopyrH6mD1JMyVhVzFR34MrxkxuymH9ZvCAgNEhYdgd7AfW7ssu1W2YLHFECAGsjUwuP13dHwwbeM35L1aP9a5aMwtcrWvLH6eRsXqusNAk1Pq4hxAVzmdmw5DMFNQoJEzGGw2bDhiSTpYmEZFXkrrpa9FrBg5oh3DyQrq5pMXx3p4LJ9YcQTGtd4npsWxVAegN6L5EpPcyfY3jfqAE2hvFyNXrFT4SZshKKHChHg5KdFC4hLeE9SGznvYQwdUrYsPpkZS8QjDfJFF2CQMEmZy9pKHYfVFbE1LnQHNfrzVWkP5PxYnmD2bL7wDYtiU4KGEV21rAhx2dfNSb32eFkEDgK4hYJBS7Ue"},"type":["VerifiableCredential","PermanentResidentCard"]}
CREDENCIAL NORMALIZADA
<did:example:b34ca6cd37bbf23> <http://schema.org/birthDate> "1958-07-17"^^<http://www.w3.org/2001/XMLSchema#dateTime> .
<did:example:b34ca6cd37bbf23> <http://schema.org/familyName> "SMITH" .
<did:example:b34ca6cd37bbf23> <http://schema.org/gender> "Male" .
<did:example:b34ca6cd37bbf23> <http://schema.org/givenName> "JOHN" .
<did:example:b34ca6cd37bbf23> <http://schema.org/image> <data:image/png;base64,iVBORw0KGgokJggg==> .
<did:example:b34ca6cd37bbf23> <http://www.w3.org/1999/02/22-rdf-syntax-ns#type> <http://schema.org/Person> .
<did:example:b34ca6cd37bbf23> <http://www.w3.org/1999/02/22-rdf-syntax-ns#type> <https://w3id.org/citizenship#PermanentResident> .
<did:example:b34ca6cd37bbf23> <https://w3id.org/citizenship#birthCountry> "Bahamas" .
<did:example:b34ca6cd37bbf23> <https://w3id.org/citizenship#commuterClassification> "C1" .
<did:example:b34ca6cd37bbf23> <https://w3id.org/citizenship#lprCategory> "C09" .
<did:example:b34ca6cd37bbf23> <https://w3id.org/citizenship#lprNumber> "999-999-999" .
<did:example:b34ca6cd37bbf23> <https://w3id.org/citizenship#residentSince> "2015-01-01"^^<http://www.w3.org/2001/XMLSchema#dateTime> .
<https://issuer.oidp.uscis.gov/credentials/83627465> <http://schema.org/description> "Government of Example Permanent Resident Card." .
<https://issuer.oidp.uscis.gov/credentials/83627465> <http://schema.org/name> "Permanent Resident Card" .
<https://issuer.oidp.uscis.gov/credentials/83627465> <http://www.w3.org/1999/02/22-rdf-syntax-ns#type> <https://w3id.org/citizenship#PermanentResidentCard> .
<https://issuer.oidp.uscis.gov/credentials/83627465> <http://www.w3.org/1999/02/22-rdf-syntax-ns#type> <https://www.w3.org/2018/credentials#VerifiableCredential> .
<https://issuer.oidp.uscis.gov/credentials/83627465> <https://www.w3.org/2018/credentials#credentialSubject> <did:example:b34ca6cd37bbf23> .
<https://issuer.oidp.uscis.gov/credentials/83627465> <https://www.w3.org/2018/credentials#expirationDate> "2029-12-03T12:19:52Z"^^<http://www.w3.org/2001/XMLSchema#dateTime> .
<https://issuer.oidp.uscis.gov/credentials/83627465> <https://www.w3.org/2018/credentials#issuanceDate> "2019-12-03T12:19:52Z"^^<http://www.w3.org/2001/XMLSchema#dateTime> .
<https://issuer.oidp.uscis.gov/credentials/83627465> <https://www.w3.org/2018/credentials#issuer> <did:key:zfqLqehvuxiwMHJz27XNid1nYWyK3SLWue7gwwdbMxHs6EVwYUEir131KTrQymZJhRrYDZ6tzYexYktXwSHGZ4UboTWinSmg2xtVg4QwzZ8h1cevBU8CYwFC51hfJbCgKyPpwQCGWZv27jzRdHgMT5f41Ffx3GVNKZhDqti1TY7uMrQ8gHxyyjewpE6REMe6toATxf1y8mk9vEq1uQ6AVmqMXQjtUUTBBGzY3HovGWz9vuQZZTYDUutba2aLQeqCda4pvTCUHv7TCgEi9rUAovcsxxkxMCy3LJkpejuy51tRkKHmVKkyVkRr5DssE8zqG8fPqwXq9fmQGDWnJMUpvJJAwf6i9Rn9oBtetuoWPCufrJkVPHSTdC27ZCMQy9WNG3SpLnbc9bH6MrFQW2hmnScbn7ouDAqT5fAmuZX6oPEyKEvPbJS9tudazdgGuSnnfxX8osYJwdR38UECGksEtDxT3njfzHv57DjBSig19ALMfqgTNZdyZdNJzK888v98VWxyCRDy8xHn54FoxptdwAwvupP6aLEdBWYq2cf1fz4pQvC54yLnz24xjG4x7BjphVSSx9YrUkYSgrZsV2b1vmyU5zdRAHMVePzYUjHissU1FN2jCHU4Z5vT2kXxXm4srGJPEWKN8gfC2QQRZa8jUGftmm3JSBmvD82UkmFWcrqYASpEpxy5sWXsjvprqgjP8rrNMcL32yHNWU63WuExkubC49u1GsrkyLnsmsZWzLfrHeBwn4K5vkgXnZ6Bq8Ft5szmhVryMTqtuvHrpjLQkU3LX3ZnBkTr7MxdRpesxik8NSDrGThq3a3Uz71uJF6RtdVHzddQkU4J28XuTM6kmtvovbgDGm9C5oS9x1GEmM4gYVHp3KKNs4niijQHubmVCyyny7HvpHCad1SnRb1niWJwsJiajaKy8eWjbVkdpbufvm6hqhg5q7RZJzibWVT5758xZxmrxScqWCETDgYdaQvTDwf1NYDsuw4jB9YHfdnL6EBbkZvugdA7DLaCipm9dLizQa1KfTz9FUGSH93VSmwghpBXKVFdm4NQ9BjSaizRrtvqgT43aTR51NKkdBjyoJ8pogyQmVoUHoxqMVRHHCxKdAL2HzGot5JzKzXsVy1iAEmQdJHYQsPSPTdKtpK1XFaFrw87KAa9zMFRadteNqKDrtd2pPere8BT3RfM7cgvcHZ2PhsqENzv5UAQ4ZqxPB29gALpxAQTHwhi5zMVwb6JACECVuveUDsAhjXQcV8G9rHRikHDi8F875wHyVn6BxTtedHo7NGpYsnb6t9XooWKYVgUiH9yoSeCPTueKGKaVGqFwW8GWojY7Eowr5rMUmMXQUtLQNeQbyJV4e1pkv9ReCgdgwBQ6kopyrH6mD1JMyVhVzFR34MrxkxuymH9ZvCAgNEhYdgd7AfW7ssu1W2YLHFECAGsjUwuP13dHwwbeM35L1aP9a5aMwtcrWvLH6eRsXqusNAk1Pq4hxAVzmdmw5DMFNQoJEzGGw2bDhiSTpYmEZFXkrrpa9FrBg5oh3DyQrq5pMXx3p4LJ9YcQTGtd4npsWxVAegN6L5EpPcyfY3jfqAE2hvFyNXrFT4SZshKKHChHg5KdFC4hLeE9SGznvYQwdUrYsPpkZS8QjDfJFF2CQMEmZy9pKHYfVFbE1LnQHNfrzVWkP5PxYnmD2bL7wDYtiU4KGEV21rAhx2dfNSb32eFkEDgK4hYJBS7Ue> .

CREDENCIAL EXCLUYENDO PREDICADOS
<did:example:b34ca6cd37bbf23> <http://schema.org/birthDate> "1958-07-17"^^<http://www.w3.org/2001/XMLSchema#dateTime> .
<did:example:b34ca6cd37bbf23> <http://schema.org/familyName> "SMITH" .
<did:example:b34ca6cd37bbf23> <http://schema.org/gender> "Male" .
<did:example:b34ca6cd37bbf23> <http://schema.org/givenName> "JOHN" .
<did:example:b34ca6cd37bbf23> <http://schema.org/image> <data:image/png;base64,iVBORw0KGgokJggg==> .
<did:example:b34ca6cd37bbf23> <https://w3id.org/citizenship#birthCountry> "Bahamas" .
<did:example:b34ca6cd37bbf23> <https://w3id.org/citizenship#commuterClassification> "C1" .
<did:example:b34ca6cd37bbf23> <https://w3id.org/citizenship#lprCategory> "C09" .
<did:example:b34ca6cd37bbf23> <https://w3id.org/citizenship#lprNumber> "999-999-999" .
<did:example:b34ca6cd37bbf23> <https://w3id.org/citizenship#residentSince> "2015-01-01"^^<http://www.w3.org/2001/XMLSchema#dateTime> .
<https://issuer.oidp.uscis.gov/credentials/83627465> <http://schema.org/description> "Government of Example Permanent Resident Card." .
<https://issuer.oidp.uscis.gov/credentials/83627465> <http://schema.org/name> "Permanent Resident Card" .
<https://issuer.oidp.uscis.gov/credentials/83627465> <https://www.w3.org/2018/credentials#credentialSubject> <did:example:b34ca6cd37bbf23> .
<https://issuer.oidp.uscis.gov/credentials/83627465> <https://www.w3.org/2018/credentials#expirationDate> "2029-12-03T12:19:52Z"^^<http://www.w3.org/2001/XMLSchema#dateTime> .
<https://issuer.oidp.uscis.gov/credentials/83627465> <https://www.w3.org/2018/credentials#issuanceDate> "2019-12-03T12:19:52Z"^^<http://www.w3.org/2001/XMLSchema#dateTime> .
<https://issuer.oidp.uscis.gov/credentials/83627465> <https://www.w3.org/2018/credentials#issuer> <did:key:zfqLqehvuxiwMHJz27XNid1nYWyK3SLWue7gwwdbMxHs6EVwYUEir131KTrQymZJhRrYDZ6tzYexYktXwSHGZ4UboTWinSmg2xtVg4QwzZ8h1cevBU8CYwFC51hfJbCgKyPpwQCGWZv27jzRdHgMT5f41Ffx3GVNKZhDqti1TY7uMrQ8gHxyyjewpE6REMe6toATxf1y8mk9vEq1uQ6AVmqMXQjtUUTBBGzY3HovGWz9vuQZZTYDUutba2aLQeqCda4pvTCUHv7TCgEi9rUAovcsxxkxMCy3LJkpejuy51tRkKHmVKkyVkRr5DssE8zqG8fPqwXq9fmQGDWnJMUpvJJAwf6i9Rn9oBtetuoWPCufrJkVPHSTdC27ZCMQy9WNG3SpLnbc9bH6MrFQW2hmnScbn7ouDAqT5fAmuZX6oPEyKEvPbJS9tudazdgGuSnnfxX8osYJwdR38UECGksEtDxT3njfzHv57DjBSig19ALMfqgTNZdyZdNJzK888v98VWxyCRDy8xHn54FoxptdwAwvupP6aLEdBWYq2cf1fz4pQvC54yLnz24xjG4x7BjphVSSx9YrUkYSgrZsV2b1vmyU5zdRAHMVePzYUjHissU1FN2jCHU4Z5vT2kXxXm4srGJPEWKN8gfC2QQRZa8jUGftmm3JSBmvD82UkmFWcrqYASpEpxy5sWXsjvprqgjP8rrNMcL32yHNWU63WuExkubC49u1GsrkyLnsmsZWzLfrHeBwn4K5vkgXnZ6Bq8Ft5szmhVryMTqtuvHrpjLQkU3LX3ZnBkTr7MxdRpesxik8NSDrGThq3a3Uz71uJF6RtdVHzddQkU4J28XuTM6kmtvovbgDGm9C5oS9x1GEmM4gYVHp3KKNs4niijQHubmVCyyny7HvpHCad1SnRb1niWJwsJiajaKy8eWjbVkdpbufvm6hqhg5q7RZJzibWVT5758xZxmrxScqWCETDgYdaQvTDwf1NYDsuw4jB9YHfdnL6EBbkZvugdA7DLaCipm9dLizQa1KfTz9FUGSH93VSmwghpBXKVFdm4NQ9BjSaizRrtvqgT43aTR51NKkdBjyoJ8pogyQmVoUHoxqMVRHHCxKdAL2HzGot5JzKzXsVy1iAEmQdJHYQsPSPTdKtpK1XFaFrw87KAa9zMFRadteNqKDrtd2pPere8BT3RfM7cgvcHZ2PhsqENzv5UAQ4ZqxPB29gALpxAQTHwhi5zMVwb6JACECVuveUDsAhjXQcV8G9rHRikHDi8F875wHyVn6BxTtedHo7NGpYsnb6t9XooWKYVgUiH9yoSeCPTueKGKaVGqFwW8GWojY7Eowr5rMUmMXQUtLQNeQbyJV4e1pkv9ReCgdgwBQ6kopyrH6mD1JMyVhVzFR34MrxkxuymH9ZvCAgNEhYdgd7AfW7ssu1W2YLHFECAGsjUwuP13dHwwbeM35L1aP9a5aMwtcrWvLH6eRsXqusNAk1Pq4hxAVzmdmw5DMFNQoJEzGGw2bDhiSTpYmEZFXkrrpa9FrBg5oh3DyQrq5pMXx3p4LJ9YcQTGtd4npsWxVAegN6L5EpPcyfY3jfqAE2hvFyNXrFT4SZshKKHChHg5KdFC4hLeE9SGznvYQwdUrYsPpkZS8QjDfJFF2CQMEmZy9pKHYfVFbE1LnQHNfrzVWkP5PxYnmD2bL7wDYtiU4KGEV21rAhx2dfNSb32eFkEDgK4hYJBS7Ue> .

EXTRACT ATTRIBUTES
VALUE: SMITH
DEF: http://schema.org/familyName
VALUE: Male
DEF: http://schema.org/gender
VALUE: JOHN
DEF: http://schema.org/givenName
VALUE: data:image/png;base64,iVBORw0KGgokJggg==
DEF: http://schema.org/image
VALUE: http://schema.org/Person
DEF: http://www.w3.org/1999/02/22-rdf-syntax-ns#type
VALUE: https://w3id.org/citizenship#PermanentResident
DEF: http://www.w3.org/1999/02/22-rdf-syntax-ns#type
VALUE: Bahamas
DEF: https://w3id.org/citizenship#birthCountry
VALUE: C1
DEF: https://w3id.org/citizenship#commuterClassification
VALUE: C09
DEF: https://w3id.org/citizenship#lprCategory
VALUE: 999-999-999
DEF: https://w3id.org/citizenship#lprNumber
VALUE: Government of Example Permanent Resident Card.
DEF: http://schema.org/description
VALUE: Permanent Resident Card
DEF: http://schema.org/name
VALUE: https://w3id.org/citizenship#PermanentResidentCard
DEF: http://www.w3.org/1999/02/22-rdf-syntax-ns#type
VALUE: https://www.w3.org/2018/credentials#VerifiableCredential
DEF: http://www.w3.org/1999/02/22-rdf-syntax-ns#type
VALUE: did:example:b34ca6cd37bbf23
DEF: https://www.w3.org/2018/credentials#credentialSubject
VALUE: did:key:zfqLqehvuxiwMHJz27XNid1nYWyK3SLWue7gwwdbMxHs6EVwYUEir131KTrQymZJhRrYDZ6tzYexYktXwSHGZ4UboTWinSmg2xtVg4QwzZ8h1cevBU8CYwFC51hfJbCgKyPpwQCGWZv27jzRdHgMT5f41Ffx3GVNKZhDqti1TY7uMrQ8gHxyyjewpE6REMe6toATxf1y8mk9vEq1uQ6AVmqMXQjtUUTBBGzY3HovGWz9vuQZZTYDUutba2aLQeqCda4pvTCUHv7TCgEi9rUAovcsxxkxMCy3LJkpejuy51tRkKHmVKkyVkRr5DssE8zqG8fPqwXq9fmQGDWnJMUpvJJAwf6i9Rn9oBtetuoWPCufrJkVPHSTdC27ZCMQy9WNG3SpLnbc9bH6MrFQW2hmnScbn7ouDAqT5fAmuZX6oPEyKEvPbJS9tudazdgGuSnnfxX8osYJwdR38UECGksEtDxT3njfzHv57DjBSig19ALMfqgTNZdyZdNJzK888v98VWxyCRDy8xHn54FoxptdwAwvupP6aLEdBWYq2cf1fz4pQvC54yLnz24xjG4x7BjphVSSx9YrUkYSgrZsV2b1vmyU5zdRAHMVePzYUjHissU1FN2jCHU4Z5vT2kXxXm4srGJPEWKN8gfC2QQRZa8jUGftmm3JSBmvD82UkmFWcrqYASpEpxy5sWXsjvprqgjP8rrNMcL32yHNWU63WuExkubC49u1GsrkyLnsmsZWzLfrHeBwn4K5vkgXnZ6Bq8Ft5szmhVryMTqtuvHrpjLQkU3LX3ZnBkTr7MxdRpesxik8NSDrGThq3a3Uz71uJF6RtdVHzddQkU4J28XuTM6kmtvovbgDGm9C5oS9x1GEmM4gYVHp3KKNs4niijQHubmVCyyny7HvpHCad1SnRb1niWJwsJiajaKy8eWjbVkdpbufvm6hqhg5q7RZJzibWVT5758xZxmrxScqWCETDgYdaQvTDwf1NYDsuw4jB9YHfdnL6EBbkZvugdA7DLaCipm9dLizQa1KfTz9FUGSH93VSmwghpBXKVFdm4NQ9BjSaizRrtvqgT43aTR51NKkdBjyoJ8pogyQmVoUHoxqMVRHHCxKdAL2HzGot5JzKzXsVy1iAEmQdJHYQsPSPTdKtpK1XFaFrw87KAa9zMFRadteNqKDrtd2pPere8BT3RfM7cgvcHZ2PhsqENzv5UAQ4ZqxPB29gALpxAQTHwhi5zMVwb6JACECVuveUDsAhjXQcV8G9rHRikHDi8F875wHyVn6BxTtedHo7NGpYsnb6t9XooWKYVgUiH9yoSeCPTueKGKaVGqFwW8GWojY7Eowr5rMUmMXQUtLQNeQbyJV4e1pkv9ReCgdgwBQ6kopyrH6mD1JMyVhVzFR34MrxkxuymH9ZvCAgNEhYdgd7AfW7ssu1W2YLHFECAGsjUwuP13dHwwbeM35L1aP9a5aMwtcrWvLH6eRsXqusNAk1Pq4hxAVzmdmw5DMFNQoJEzGGw2bDhiSTpYmEZFXkrrpa9FrBg5oh3DyQrq5pMXx3p4LJ9YcQTGtd4npsWxVAegN6L5EpPcyfY3jfqAE2hvFyNXrFT4SZshKKHChHg5KdFC4hLeE9SGznvYQwdUrYsPpkZS8QjDfJFF2CQMEmZy9pKHYfVFbE1LnQHNfrzVWkP5PxYnmD2bL7wDYtiU4KGEV21rAhx2dfNSb32eFkEDgK4hYJBS7Ue
DEF: https://www.w3.org/2018/credentials#issuer
AttrNames:
http://schema.org/familyName
http://schema.org/gender
http://schema.org/givenName
http://schema.org/image
http://www.w3.org/1999/02/22-rdf-syntax-ns#type
http://www.w3.org/1999/02/22-rdf-syntax-ns#type
https://w3id.org/citizenship#birthCountry
https://w3id.org/citizenship#commuterClassification
https://w3id.org/citizenship#lprCategory
https://w3id.org/citizenship#lprNumber
http://schema.org/description
http://schema.org/name
http://www.w3.org/1999/02/22-rdf-syntax-ns#type
http://www.w3.org/1999/02/22-rdf-syntax-ns#type
https://www.w3.org/2018/credentials#credentialSubject
https://www.w3.org/2018/credentials#issuer
FIRMA:
mPrim {
  x: "\000\000\000\000\000\000\000\000\000\000\000\000\000\000\000\000\000\000\000\003\303e\222\260\312\316\335\036\a\333g\265\225z\017M\001\034\360\377\242DH\365\035\243`\352n\016\211\342z\304\023\231\213\372"
}
sigma1 {
  x {
    xa: "\020\334k\312irE\242\373\377L/\374v\036ty\241\035\t\3522\016\020\236\024f\017D\273|\2400m\313\367&\005\004#\227K\235<\307\234N\273Ow\246\252\004;E\240\302v"
    xb: "\017\310)\232P\231\326\005*=\025\000\341z>\025{\307\242r\213\215\227C\026\261\260\274do\207%(\000\243\371\030\270ff\n\006\3401K\350m.cA\317\031K\0274\346\340\332"
    ya: "\a\262\204\342BD\240\"\030\366d\245[kW\242\242!\24437\275\261N\225W\255\236\035\2735\232\t9\242\aQW\017\251\351\265\3643\315\005\207\305\256x\327\204<\267I\250YQ"
    yb: "\017r\260\370=\023\365\211\326\352vB_\nx\301[\021\205z\363;;\365\376=.\273\321\220X\376\026\340~\255\231\025\r\177hGk\276\314.\251\341\341\342\373\245v\346\345|\224/"
  }
}
sigma2 {
  x {
    xa: "\0039\035\200\017\020?\352W\267(\2759|\216\341\220}\344\250\255j=gK\235\361\360\325\331\222\273K\021\261\327up\363\2718nD\362\261\325\216\341\034j\226\305\n\246}\216c\316"
    xb: "\024\211u\217\300O@7U\355\033\260\307\200\ao:J\214\3476\266\334\350q\340/\203\254\220\225\022\220\220C{\371\003\360\r\317T55#d\n\277\216\347\334\321\364\r\240\372\337\243"
    ya: "\021\217zd~bd%\237\332\3339\026\300D\340K\225\267\343\341\200\257:\230H\005\236\373k]\0265\224|;x\005,\365\336\317\251L\026q\0028\357\b\016b<\255\261\215 \300"
    yb: "\024A\341\322\330\310i[\222\002\037|\341tG>\310h\255\0041%\363>B\"\231\004UzT\263\371fh\326\002B\032\216\376\033\021\346\362j\302\246\036$t\377\277\316\353\314d^"
  }
}

Ldproof:
{"type":"PsmsBlsUmu","@context":["https://ssiproject.inf.um.es/security/psms/v1","https://w3id.org/citizenship/v1","https://www.w3.org/2018/credentials/v1"],"proofValue":"zQuxFYVEgHuWfZ7yLoGJXLmFhWGUrYxLwi7gAuWwDCveyFzuht6f2eeNawKfFYG1hprtyRmjpBBTuPX563eNuDTdHbuAmQi5nKCwm1o22WtdR3JxW4Cykf8Gn2kwmSAMv674w2N82KY1PKbmvG6n4kJhKYN5cu47ku5F2b3itJGUjrmwoPEXyPnoNz3Jup6uwnJQsN99jzEwF8pwiSmjQgiAzxoTyGexxxB8wYFdva6W7oWWm1jYnYiopcqx6igNxbbQ5mEFcViweWJb5LSCFLQJkQLGeRnNtrT7zsza36gDxYEvPEVi8xk8QJghmSYr6SzjfV11tUVYypgkU4s5SHKvdY6rWAee6LbZD4UXRwkKn8tiBm4F1oGotuvj7fTrj3i8DHQq3bRWN3ZTo525iEpjteMcZRfDhxZDJdwpjcVqtmFS2k4wNWxLMkMomaoR2XsUGw1bLzEEzGUk37GRS4o7JkhuSaoJzXUnRHQHJKXPuQFPefdMLWw3D483PmhmBzsik8xyroxv9RzK1XXYDRh8RrfnRgBk6eiPy7HHoSbN37CMjxTj941HdmZJMhyS7GVr5cYqXEQy2MCSAoHgYejCdQfJxH1hEMEHAJYQ45Cuo7JkC37ARj85cja6eTYTF1bq4F47NGkv2bAZqgFEcejRY6KY7aV836snAqg5yTu2HBvcrgqdt8TKTPa9WxMfT3HMBZRmoNJWGtSdQj9JYxK4CNGiV1cK8V6oTpiLwmi2mrGUQexrq"}
Credential signed:
{"@context":["https://www.w3.org/2018/credentials/v1","https://w3id.org/citizenship/v1","https://ssiproject.inf.um.es/security/psms/v1"],"credentialSubject":{"birthCountry":"Bahamas","birthDate":"1958-07-17","commuterClassification":"C1","familyName":"SMITH","gender":"Male","givenName":"JOHN","id":"did:example:b34ca6cd37bbf23","image":"data:image/png;base64,iVBORw0KGgokJggg==","lprCategory":"C09","lprNumber":"999-999-999","residentSince":"2015-01-01","type":["PermanentResident","Person"]},"description":"Government of Example Permanent Resident Card.","expirationDate":"2029-12-03T12:19:52Z","id":"https://issuer.oidp.uscis.gov/credentials/83627465","issuanceDate":"2019-12-03T12:19:52Z","issuer":"did:key:zfqLqehvuxiwMHJz27XNid1nYWyK3SLWue7gwwdbMxHs6EVwYUEir131KTrQymZJhRrYDZ6tzYexYktXwSHGZ4UboTWinSmg2xtVg4QwzZ8h1cevBU8CYwFC51hfJbCgKyPpwQCGWZv27jzRdHgMT5f41Ffx3GVNKZhDqti1TY7uMrQ8gHxyyjewpE6REMe6toATxf1y8mk9vEq1uQ6AVmqMXQjtUUTBBGzY3HovGWz9vuQZZTYDUutba2aLQeqCda4pvTCUHv7TCgEi9rUAovcsxxkxMCy3LJkpejuy51tRkKHmVKkyVkRr5DssE8zqG8fPqwXq9fmQGDWnJMUpvJJAwf6i9Rn9oBtetuoWPCufrJkVPHSTdC27ZCMQy9WNG3SpLnbc9bH6MrFQW2hmnScbn7ouDAqT5fAmuZX6oPEyKEvPbJS9tudazdgGuSnnfxX8osYJwdR38UECGksEtDxT3njfzHv57DjBSig19ALMfqgTNZdyZdNJzK888v98VWxyCRDy8xHn54FoxptdwAwvupP6aLEdBWYq2cf1fz4pQvC54yLnz24xjG4x7BjphVSSx9YrUkYSgrZsV2b1vmyU5zdRAHMVePzYUjHissU1FN2jCHU4Z5vT2kXxXm4srGJPEWKN8gfC2QQRZa8jUGftmm3JSBmvD82UkmFWcrqYASpEpxy5sWXsjvprqgjP8rrNMcL32yHNWU63WuExkubC49u1GsrkyLnsmsZWzLfrHeBwn4K5vkgXnZ6Bq8Ft5szmhVryMTqtuvHrpjLQkU3LX3ZnBkTr7MxdRpesxik8NSDrGThq3a3Uz71uJF6RtdVHzddQkU4J28XuTM6kmtvovbgDGm9C5oS9x1GEmM4gYVHp3KKNs4niijQHubmVCyyny7HvpHCad1SnRb1niWJwsJiajaKy8eWjbVkdpbufvm6hqhg5q7RZJzibWVT5758xZxmrxScqWCETDgYdaQvTDwf1NYDsuw4jB9YHfdnL6EBbkZvugdA7DLaCipm9dLizQa1KfTz9FUGSH93VSmwghpBXKVFdm4NQ9BjSaizRrtvqgT43aTR51NKkdBjyoJ8pogyQmVoUHoxqMVRHHCxKdAL2HzGot5JzKzXsVy1iAEmQdJHYQsPSPTdKtpK1XFaFrw87KAa9zMFRadteNqKDrtd2pPere8BT3RfM7cgvcHZ2PhsqENzv5UAQ4ZqxPB29gALpxAQTHwhi5zMVwb6JACECVuveUDsAhjXQcV8G9rHRikHDi8F875wHyVn6BxTtedHo7NGpYsnb6t9XooWKYVgUiH9yoSeCPTueKGKaVGqFwW8GWojY7Eowr5rMUmMXQUtLQNeQbyJV4e1pkv9ReCgdgwBQ6kopyrH6mD1JMyVhVzFR34MrxkxuymH9ZvCAgNEhYdgd7AfW7ssu1W2YLHFECAGsjUwuP13dHwwbeM35L1aP9a5aMwtcrWvLH6eRsXqusNAk1Pq4hxAVzmdmw5DMFNQoJEzGGw2bDhiSTpYmEZFXkrrpa9FrBg5oh3DyQrq5pMXx3p4LJ9YcQTGtd4npsWxVAegN6L5EpPcyfY3jfqAE2hvFyNXrFT4SZshKKHChHg5KdFC4hLeE9SGznvYQwdUrYsPpkZS8QjDfJFF2CQMEmZy9pKHYfVFbE1LnQHNfrzVWkP5PxYnmD2bL7wDYtiU4KGEV21rAhx2dfNSb32eFkEDgK4hYJBS7Ue","name":"Permanent Resident Card","proof":[{"created":"2023-04-24T16:45:03.115015899+02:00","proofPurpose":"assertionMethod","proofValue":"BAYB91H22ZfK53z5IhHZi3TAB0kZ8qLRWgNJnkvuGjH5myfgy6lY361Tnftdq4X0IxJK4tgyNUFWbYBViSZPhQcxvk5hOMG9FqoT0zbXkW7Mrk5KgDEAs09f9KA6DN4m6hMR6xilKqIYZU7BuamtDAIuxjPfjDu1RIsGDqbk2kyb1NP27C-HlwWSeg6U64RsBRD0TA4ANQ_lQYsiXpGluGSMyz4HEHYNMbRPd89K1q8ExnDI0Hmqnw9GuB4f8GNQogQTQV6ns0S75hHbJASxbIpSEAUZT4hmlh6v0lXnEf8VAgcOmHC6LgQB2Cmr_wx5wx4UsYneR3ugr5VthJPNWkvQN05Q_IvOOFCuUsVQaRz8HbbM-fgkzwM0FqZWrrKCh3QNpWatfxOXUeRReiI-X6sBPgxwvIX8WTQtGdSRPA3_M_cLWuQ1MnApzzI8JB7kqD4PeqjfxyPhAwUEd0xE-jelT05uVvomU0K79Cv4TDHUn417gxP1GIF5TrO23nNB5HaHgv4lZNxo2RRkk-QBPRSPRIQMy4PVIuTYJEAqJ_7am51ZLKUepVLgbwN7TmVM59M","type":"PsmsBlsSignature2022","verificationMethod":"did:key:zfqLqehvuxiwMHJz27XNid1nYWyK3SLWue7gwwdbMxHs6EVwYUEir131KTrQymZJhRrYDZ6tzYexYktXwSHGZ4UboTWinSmg2xtVg4QwzZ8h1cevBU8CYwFC51hfJbCgKyPpwQCGWZv27jzRdHgMT5f41Ffx3GVNKZhDqti1TY7uMrQ8gHxyyjewpE6REMe6toATxf1y8mk9vEq1uQ6AVmqMXQjtUUTBBGzY3HovGWz9vuQZZTYDUutba2aLQeqCda4pvTCUHv7TCgEi9rUAovcsxxkxMCy3LJkpejuy51tRkKHmVKkyVkRr5DssE8zqG8fPqwXq9fmQGDWnJMUpvJJAwf6i9Rn9oBtetuoWPCufrJkVPHSTdC27ZCMQy9WNG3SpLnbc9bH6MrFQW2hmnScbn7ouDAqT5fAmuZX6oPEyKEvPbJS9tudazdgGuSnnfxX8osYJwdR38UECGksEtDxT3njfzHv57DjBSig19ALMfqgTNZdyZdNJzK888v98VWxyCRDy8xHn54FoxptdwAwvupP6aLEdBWYq2cf1fz4pQvC54yLnz24xjG4x7BjphVSSx9YrUkYSgrZsV2b1vmyU5zdRAHMVePzYUjHissU1FN2jCHU4Z5vT2kXxXm4srGJPEWKN8gfC2QQRZa8jUGftmm3JSBmvD82UkmFWcrqYASpEpxy5sWXsjvprqgjP8rrNMcL32yHNWU63WuExkubC49u1GsrkyLnsmsZWzLfrHeBwn4K5vkgXnZ6Bq8Ft5szmhVryMTqtuvHrpjLQkU3LX3ZnBkTr7MxdRpesxik8NSDrGThq3a3Uz71uJF6RtdVHzddQkU4J28XuTM6kmtvovbgDGm9C5oS9x1GEmM4gYVHp3KKNs4niijQHubmVCyyny7HvpHCad1SnRb1niWJwsJiajaKy8eWjbVkdpbufvm6hqhg5q7RZJzibWVT5758xZxmrxScqWCETDgYdaQvTDwf1NYDsuw4jB9YHfdnL6EBbkZvugdA7DLaCipm9dLizQa1KfTz9FUGSH93VSmwghpBXKVFdm4NQ9BjSaizRrtvqgT43aTR51NKkdBjyoJ8pogyQmVoUHoxqMVRHHCxKdAL2HzGot5JzKzXsVy1iAEmQdJHYQsPSPTdKtpK1XFaFrw87KAa9zMFRadteNqKDrtd2pPere8BT3RfM7cgvcHZ2PhsqENzv5UAQ4ZqxPB29gALpxAQTHwhi5zMVwb6JACECVuveUDsAhjXQcV8G9rHRikHDi8F875wHyVn6BxTtedHo7NGpYsnb6t9XooWKYVgUiH9yoSeCPTueKGKaVGqFwW8GWojY7Eowr5rMUmMXQUtLQNeQbyJV4e1pkv9ReCgdgwBQ6kopyrH6mD1JMyVhVzFR34MrxkxuymH9ZvCAgNEhYdgd7AfW7ssu1W2YLHFECAGsjUwuP13dHwwbeM35L1aP9a5aMwtcrWvLH6eRsXqusNAk1Pq4hxAVzmdmw5DMFNQoJEzGGw2bDhiSTpYmEZFXkrrpa9FrBg5oh3DyQrq5pMXx3p4LJ9YcQTGtd4npsWxVAegN6L5EpPcyfY3jfqAE2hvFyNXrFT4SZshKKHChHg5KdFC4hLeE9SGznvYQwdUrYsPpkZS8QjDfJFF2CQMEmZy9pKHYfVFbE1LnQHNfrzVWkP5PxYnmD2bL7wDYtiU4KGEV21rAhx2dfNSb32eFkEDgK4hYJBS7Ue#zfqLqehvuxiwMHJz27XNid1nYWyK3SLWue7gwwdbMxHs6EVwYUEir131KTrQymZJhRrYDZ6tzYexYktXwSHGZ4UboTWinSmg2xtVg4QwzZ8h1cevBU8CYwFC51hfJbCgKyPpwQCGWZv27jzRdHgMT5f41Ffx3GVNKZhDqti1TY7uMrQ8gHxyyjewpE6REMe6toATxf1y8mk9vEq1uQ6AVmqMXQjtUUTBBGzY3HovGWz9vuQZZTYDUutba2aLQeqCda4pvTCUHv7TCgEi9rUAovcsxxkxMCy3LJkpejuy51tRkKHmVKkyVkRr5DssE8zqG8fPqwXq9fmQGDWnJMUpvJJAwf6i9Rn9oBtetuoWPCufrJkVPHSTdC27ZCMQy9WNG3SpLnbc9bH6MrFQW2hmnScbn7ouDAqT5fAmuZX6oPEyKEvPbJS9tudazdgGuSnnfxX8osYJwdR38UECGksEtDxT3njfzHv57DjBSig19ALMfqgTNZdyZdNJzK888v98VWxyCRDy8xHn54FoxptdwAwvupP6aLEdBWYq2cf1fz4pQvC54yLnz24xjG4x7BjphVSSx9YrUkYSgrZsV2b1vmyU5zdRAHMVePzYUjHissU1FN2jCHU4Z5vT2kXxXm4srGJPEWKN8gfC2QQRZa8jUGftmm3JSBmvD82UkmFWcrqYASpEpxy5sWXsjvprqgjP8rrNMcL32yHNWU63WuExkubC49u1GsrkyLnsmsZWzLfrHeBwn4K5vkgXnZ6Bq8Ft5szmhVryMTqtuvHrpjLQkU3LX3ZnBkTr7MxdRpesxik8NSDrGThq3a3Uz71uJF6RtdVHzddQkU4J28XuTM6kmtvovbgDGm9C5oS9x1GEmM4gYVHp3KKNs4niijQHubmVCyyny7HvpHCad1SnRb1niWJwsJiajaKy8eWjbVkdpbufvm6hqhg5q7RZJzibWVT5758xZxmrxScqWCETDgYdaQvTDwf1NYDsuw4jB9YHfdnL6EBbkZvugdA7DLaCipm9dLizQa1KfTz9FUGSH93VSmwghpBXKVFdm4NQ9BjSaizRrtvqgT43aTR51NKkdBjyoJ8pogyQmVoUHoxqMVRHHCxKdAL2HzGot5JzKzXsVy1iAEmQdJHYQsPSPTdKtpK1XFaFrw87KAa9zMFRadteNqKDrtd2pPere8BT3RfM7cgvcHZ2PhsqENzv5UAQ4ZqxPB29gALpxAQTHwhi5zMVwb6JACECVuveUDsAhjXQcV8G9rHRikHDi8F875wHyVn6BxTtedHo7NGpYsnb6t9XooWKYVgUiH9yoSeCPTueKGKaVGqFwW8GWojY7Eowr5rMUmMXQUtLQNeQbyJV4e1pkv9ReCgdgwBQ6kopyrH6mD1JMyVhVzFR34MrxkxuymH9ZvCAgNEhYdgd7AfW7ssu1W2YLHFECAGsjUwuP13dHwwbeM35L1aP9a5aMwtcrWvLH6eRsXqusNAk1Pq4hxAVzmdmw5DMFNQoJEzGGw2bDhiSTpYmEZFXkrrpa9FrBg5oh3DyQrq5pMXx3p4LJ9YcQTGtd4npsWxVAegN6L5EpPcyfY3jfqAE2hvFyNXrFT4SZshKKHChHg5KdFC4hLeE9SGznvYQwdUrYsPpkZS8QjDfJFF2CQMEmZy9pKHYfVFbE1LnQHNfrzVWkP5PxYnmD2bL7wDYtiU4KGEV21rAhx2dfNSb32eFkEDgK4hYJBS7Ue"},{"type":"PsmsBlsUmu","@context":["https://ssiproject.inf.um.es/security/psms/v1","https://w3id.org/citizenship/v1","https://www.w3.org/2018/credentials/v1"],"proofValue":"zQuxFYVEgHuWfZ7yLoGJXLmFhWGUrYxLwi7gAuWwDCveyFzuht6f2eeNawKfFYG1hprtyRmjpBBTuPX563eNuDTdHbuAmQi5nKCwm1o22WtdR3JxW4Cykf8Gn2kwmSAMv674w2N82KY1PKbmvG6n4kJhKYN5cu47ku5F2b3itJGUjrmwoPEXyPnoNz3Jup6uwnJQsN99jzEwF8pwiSmjQgiAzxoTyGexxxB8wYFdva6W7oWWm1jYnYiopcqx6igNxbbQ5mEFcViweWJb5LSCFLQJkQLGeRnNtrT7zsza36gDxYEvPEVi8xk8QJghmSYr6SzjfV11tUVYypgkU4s5SHKvdY6rWAee6LbZD4UXRwkKn8tiBm4F1oGotuvj7fTrj3i8DHQq3bRWN3ZTo525iEpjteMcZRfDhxZDJdwpjcVqtmFS2k4wNWxLMkMomaoR2XsUGw1bLzEEzGUk37GRS4o7JkhuSaoJzXUnRHQHJKXPuQFPefdMLWw3D483PmhmBzsik8xyroxv9RzK1XXYDRh8RrfnRgBk6eiPy7HHoSbN37CMjxTj941HdmZJMhyS7GVr5cYqXEQy2MCSAoHgYejCdQfJxH1hEMEHAJYQ45Cuo7JkC37ARj85cja6eTYTF1bq4F47NGkv2bAZqgFEcejRY6KY7aV836snAqg5yTu2HBvcrgqdt8TKTPa9WxMfT3HMBZRmoNJWGtSdQj9JYxK4CNGiV1cK8V6oTpiLwmi2mrGUQexrq"}],"type":["VerifiableCredential","PermanentResidentCard"]}
EXTRACT ATTRIBUTES
VALUE: SMITH
DEF: http://schema.org/familyName
VALUE: Male
DEF: http://schema.org/gender
VALUE: JOHN
DEF: http://schema.org/givenName
VALUE: data:image/png;base64,iVBORw0KGgokJggg==
DEF: http://schema.org/image
VALUE: http://schema.org/Person
DEF: http://www.w3.org/1999/02/22-rdf-syntax-ns#type
VALUE: https://w3id.org/citizenship#PermanentResident
DEF: http://www.w3.org/1999/02/22-rdf-syntax-ns#type
VALUE: Bahamas
DEF: https://w3id.org/citizenship#birthCountry
VALUE: C1
DEF: https://w3id.org/citizenship#commuterClassification
VALUE: C09
DEF: https://w3id.org/citizenship#lprCategory
VALUE: 999-999-999
DEF: https://w3id.org/citizenship#lprNumber
VALUE: Government of Example Permanent Resident Card.
DEF: http://schema.org/description
VALUE: Permanent Resident Card
DEF: http://schema.org/name
VALUE: https://w3id.org/citizenship#PermanentResidentCard
DEF: http://www.w3.org/1999/02/22-rdf-syntax-ns#type
VALUE: https://www.w3.org/2018/credentials#VerifiableCredential
DEF: http://www.w3.org/1999/02/22-rdf-syntax-ns#type
VALUE: did:example:b34ca6cd37bbf23
DEF: https://www.w3.org/2018/credentials#credentialSubject
VALUE: did:key:zfqLqehvuxiwMHJz27XNid1nYWyK3SLWue7gwwdbMxHs6EVwYUEir131KTrQymZJhRrYDZ6tzYexYktXwSHGZ4UboTWinSmg2xtVg4QwzZ8h1cevBU8CYwFC51hfJbCgKyPpwQCGWZv27jzRdHgMT5f41Ffx3GVNKZhDqti1TY7uMrQ8gHxyyjewpE6REMe6toATxf1y8mk9vEq1uQ6AVmqMXQjtUUTBBGzY3HovGWz9vuQZZTYDUutba2aLQeqCda4pvTCUHv7TCgEi9rUAovcsxxkxMCy3LJkpejuy51tRkKHmVKkyVkRr5DssE8zqG8fPqwXq9fmQGDWnJMUpvJJAwf6i9Rn9oBtetuoWPCufrJkVPHSTdC27ZCMQy9WNG3SpLnbc9bH6MrFQW2hmnScbn7ouDAqT5fAmuZX6oPEyKEvPbJS9tudazdgGuSnnfxX8osYJwdR38UECGksEtDxT3njfzHv57DjBSig19ALMfqgTNZdyZdNJzK888v98VWxyCRDy8xHn54FoxptdwAwvupP6aLEdBWYq2cf1fz4pQvC54yLnz24xjG4x7BjphVSSx9YrUkYSgrZsV2b1vmyU5zdRAHMVePzYUjHissU1FN2jCHU4Z5vT2kXxXm4srGJPEWKN8gfC2QQRZa8jUGftmm3JSBmvD82UkmFWcrqYASpEpxy5sWXsjvprqgjP8rrNMcL32yHNWU63WuExkubC49u1GsrkyLnsmsZWzLfrHeBwn4K5vkgXnZ6Bq8Ft5szmhVryMTqtuvHrpjLQkU3LX3ZnBkTr7MxdRpesxik8NSDrGThq3a3Uz71uJF6RtdVHzddQkU4J28XuTM6kmtvovbgDGm9C5oS9x1GEmM4gYVHp3KKNs4niijQHubmVCyyny7HvpHCad1SnRb1niWJwsJiajaKy8eWjbVkdpbufvm6hqhg5q7RZJzibWVT5758xZxmrxScqWCETDgYdaQvTDwf1NYDsuw4jB9YHfdnL6EBbkZvugdA7DLaCipm9dLizQa1KfTz9FUGSH93VSmwghpBXKVFdm4NQ9BjSaizRrtvqgT43aTR51NKkdBjyoJ8pogyQmVoUHoxqMVRHHCxKdAL2HzGot5JzKzXsVy1iAEmQdJHYQsPSPTdKtpK1XFaFrw87KAa9zMFRadteNqKDrtd2pPere8BT3RfM7cgvcHZ2PhsqENzv5UAQ4ZqxPB29gALpxAQTHwhi5zMVwb6JACECVuveUDsAhjXQcV8G9rHRikHDi8F875wHyVn6BxTtedHo7NGpYsnb6t9XooWKYVgUiH9yoSeCPTueKGKaVGqFwW8GWojY7Eowr5rMUmMXQUtLQNeQbyJV4e1pkv9ReCgdgwBQ6kopyrH6mD1JMyVhVzFR34MrxkxuymH9ZvCAgNEhYdgd7AfW7ssu1W2YLHFECAGsjUwuP13dHwwbeM35L1aP9a5aMwtcrWvLH6eRsXqusNAk1Pq4hxAVzmdmw5DMFNQoJEzGGw2bDhiSTpYmEZFXkrrpa9FrBg5oh3DyQrq5pMXx3p4LJ9YcQTGtd4npsWxVAegN6L5EpPcyfY3jfqAE2hvFyNXrFT4SZshKKHChHg5KdFC4hLeE9SGznvYQwdUrYsPpkZS8QjDfJFF2CQMEmZy9pKHYfVFbE1LnQHNfrzVWkP5PxYnmD2bL7wDYtiU4KGEV21rAhx2dfNSb32eFkEDgK4hYJBS7Ue
DEF: https://www.w3.org/2018/credentials#issuer
AttrNames:
http://schema.org/familyName
http://schema.org/gender
http://schema.org/givenName
http://schema.org/image
http://www.w3.org/1999/02/22-rdf-syntax-ns#type
http://www.w3.org/1999/02/22-rdf-syntax-ns#type
https://w3id.org/citizenship#birthCountry
https://w3id.org/citizenship#commuterClassification
https://w3id.org/citizenship#lprCategory
https://w3id.org/citizenship#lprNumber
http://schema.org/description
http://schema.org/name
http://www.w3.org/1999/02/22-rdf-syntax-ns#type
http://www.w3.org/1999/02/22-rdf-syntax-ns#type
https://www.w3.org/2018/credentials#credentialSubject
https://www.w3.org/2018/credentials#issuer
]]></system-out>
  </testcase>
</testsuite>