<?xml version="1.0" encoding="UTF-8"?>
<testsuite xmlns:xsi="http://www.w3.org/2001/XMLSchema-instance" xsi:noNamespaceSchemaLocation="https://maven.apache.org/surefire/maven-surefire-plugin/xsd/surefire-test-report-3.0.xsd" version="3.0" name="com.danubetech.keyformats.keytypes.PsmsBlsTest" time="0.225" tests="2" errors="2" skipped="0" failures="0">
  <properties>
    <property name="java.specification.version" value="17"/>
    <property name="sun.jnu.encoding" value="UTF-8"/>
    <property name="java.class.path" value="/home/pablito/Desktop/git/psms_waltid/WaltID/key-formats-java/key-formats-java/target/test-classes:/home/pablito/Desktop/git/psms_waltid/WaltID/key-formats-java/key-formats-java/target/classes:/home/pablito/.m2/repository/org/junit/jupiter/junit-jupiter-engine/5.10.0/junit-jupiter-engine-5.10.0.jar:/home/pablito/.m2/repository/org/junit/platform/junit-platform-engine/1.10.0/junit-platform-engine-1.10.0.jar:/home/pablito/.m2/repository/org/opentest4j/opentest4j/1.3.0/opentest4j-1.3.0.jar:/home/pablito/.m2/repository/org/junit/platform/junit-platform-commons/1.10.0/junit-platform-commons-1.10.0.jar:/home/pablito/.m2/repository/org/junit/jupiter/junit-jupiter-api/5.10.0/junit-jupiter-api-5.10.0.jar:/home/pablito/.m2/repository/org/apiguardian/apiguardian-api/1.1.2/apiguardian-api-1.1.2.jar:/home/pablito/.m2/repository/org/junit/jupiter/junit-jupiter/5.10.0/junit-jupiter-5.10.0.jar:/home/pablito/.m2/repository/org/junit/jupiter/junit-jupiter-params/5.10.0/junit-jupiter-params-5.10.0.jar:/home/pablito/.m2/repository/org/mockito/mockito-core/5.6.0/mockito-core-5.6.0.jar:/home/pablito/.m2/repository/net/bytebuddy/byte-buddy/1.14.8/byte-buddy-1.14.8.jar:/home/pablito/.m2/repository/net/bytebuddy/byte-buddy-agent/1.14.8/byte-buddy-agent-1.14.8.jar:/home/pablito/.m2/repository/org/objenesis/objenesis/3.3/objenesis-3.3.jar:/home/pablito/.m2/repository/org/mockito/mockito-junit-jupiter/5.6.0/mockito-junit-jupiter-5.6.0.jar:/home/pablito/.m2/repository/commons-codec/commons-codec/1.16.0/commons-codec-1.16.0.jar:/home/pablito/.m2/repository/com/fasterxml/jackson/core/jackson-databind/2.15.3/jackson-databind-2.15.3.jar:/home/pablito/.m2/repository/com/fasterxml/jackson/core/jackson-annotations/2.15.3/jackson-annotations-2.15.3.jar:/home/pablito/.m2/repository/com/fasterxml/jackson/core/jackson-core/2.15.3/jackson-core-2.15.3.jar:/home/pablito/.m2/repository/org/bouncycastle/bcprov-jdk18on/1.76/bcprov-jdk18on-1.76.jar:/home/pablito/.m2/repository/com/goterl/lazysodium-java/5.1.4/lazysodium-java-5.1.4.jar:/home/pablito/.m2/repository/net/java/dev/jna/jna/5.12.1/jna-5.12.1.jar:/home/pablito/.m2/repository/com/goterl/resource-loader/2.0.2/resource-loader-2.0.2.jar:/home/pablito/.m2/repository/org/slf4j/slf4j-api/2.0.3/slf4j-api-2.0.3.jar:/home/pablito/.m2/repository/org/bitcoinj/bitcoinj-core/0.16.2/bitcoinj-core-0.16.2.jar:/home/pablito/.m2/repository/net/jcip/jcip-annotations/1.0/jcip-annotations-1.0.jar:/home/pablito/.m2/repository/com/google/guava/guava/32.1.3-jre/guava-32.1.3-jre.jar:/home/pablito/.m2/repository/com/google/guava/failureaccess/1.0.1/failureaccess-1.0.1.jar:/home/pablito/.m2/repository/com/google/guava/listenablefuture/9999.0-empty-to-avoid-conflict-with-guava/listenablefuture-9999.0-empty-to-avoid-conflict-with-guava.jar:/home/pablito/.m2/repository/com/google/code/findbugs/jsr305/3.0.2/jsr305-3.0.2.jar:/home/pablito/.m2/repository/org/checkerframework/checker-qual/3.37.0/checker-qual-3.37.0.jar:/home/pablito/.m2/repository/com/google/errorprone/error_prone_annotations/2.21.1/error_prone_annotations-2.21.1.jar:/home/pablito/.m2/repository/com/google/j2objc/j2objc-annotations/2.8/j2objc-annotations-2.8.jar:/home/pablito/.m2/repository/org/json/json/20231013/json-20231013.jar:/home/pablito/.m2/repository/org/hyperledger/indy/1.16.0/indy-1.16.0.jar:/home/pablito/.m2/repository/org/apache/commons/commons-lang3/3.5/commons-lang3-3.5.jar:/home/pablito/.m2/repository/com/google/crypto/tink/tink/1.11.0/tink-1.11.0.jar:/home/pablito/.m2/repository/com/google/code/gson/gson/2.10.1/gson-2.10.1.jar:/home/pablito/.m2/repository/com/google/protobuf/protobuf-java/3.19.6/protobuf-java-3.19.6.jar:/home/pablito/.m2/repository/com/github/mattrglobal/bbs.signatures/1.5-21-07-2021/bbs.signatures-1.5-21-07-2021.jar:/home/pablito/.m2/repository/org/apache/commons/commons-math3/3.6.1/commons-math3-3.6.1.jar:/home/pablito/.m2/repository/org/web3j/crypto/5.0.0/crypto-5.0.0.jar:/home/pablito/.m2/repository/org/web3j/abi/5.0.0/abi-5.0.0.jar:/home/pablito/.m2/repository/org/web3j/rlp/5.0.0/rlp-5.0.0.jar:/home/pablito/.m2/repository/org/web3j/utils/5.0.0/utils-5.0.0.jar:/home/pablito/.m2/repository/org/example/PsmsLibrary/1.0-SNAPSHOT/PsmsLibrary-1.0-SNAPSHOT.jar:/home/pablito/.m2/repository/org/miracl/core/4.0-SNAPSHOT/core-4.0-SNAPSHOT.jar:/home/pablito/.m2/repository/org/hamcrest/hamcrest-core/2.2/hamcrest-core-2.2.jar:/home/pablito/.m2/repository/org/hamcrest/hamcrest/2.2/hamcrest-2.2.jar:/home/pablito/.m2/repository/decentralized-identity/jsonld-common-java/0.1.0/jsonld-common-java-0.1.0.jar:/home/pablito/.m2/repository/com/apicatalog/titanium-json-ld/0.8.5/titanium-json-ld-0.8.5.jar:/home/pablito/.m2/repository/org/glassfish/jakarta.json/1.1.6/jakarta.json-1.1.6.jar:/home/pablito/.m2/repository/com/github/multiformats/java-multibase/1.1.1/java-multibase-1.1.1.jar:"/>
    <property name="java.vm.vendor" value="Oracle Corporation"/>
    <property name="sun.arch.data.model" value="64"/>
    <property name="java.vendor.url" value="https://java.oracle.com/"/>
    <property name="user.timezone" value="Europe/Madrid"/>
    <property name="os.name" value="Linux"/>
    <property name="java.vm.specification.version" value="17"/>
    <property name="sun.java.launcher" value="SUN_STANDARD"/>
    <property name="user.country" value="US"/>
    <property name="sun.boot.library.path" value="/usr/lib/jvm/java-17-oracle/lib"/>
    <property name="sun.java.command" value="/home/pablito/Desktop/git/psms_waltid/WaltID/key-formats-java/key-formats-java/target/surefire/surefirebooter-20240105191356370_3.jar /home/pablito/Desktop/git/psms_waltid/WaltID/key-formats-java/key-formats-java/target/surefire 2024-01-05T19-13-56_308-jvmRun1 surefire-20240105191356370_1tmp surefire_0-20240105191356370_2tmp"/>
    <property name="jdk.debug" value="release"/>
    <property name="surefire.test.class.path" value="/home/pablito/Desktop/git/psms_waltid/WaltID/key-formats-java/key-formats-java/target/test-classes:/home/pablito/Desktop/git/psms_waltid/WaltID/key-formats-java/key-formats-java/target/classes:/home/pablito/.m2/repository/org/junit/jupiter/junit-jupiter-engine/5.10.0/junit-jupiter-engine-5.10.0.jar:/home/pablito/.m2/repository/org/junit/platform/junit-platform-engine/1.10.0/junit-platform-engine-1.10.0.jar:/home/pablito/.m2/repository/org/opentest4j/opentest4j/1.3.0/opentest4j-1.3.0.jar:/home/pablito/.m2/repository/org/junit/platform/junit-platform-commons/1.10.0/junit-platform-commons-1.10.0.jar:/home/pablito/.m2/repository/org/junit/jupiter/junit-jupiter-api/5.10.0/junit-jupiter-api-5.10.0.jar:/home/pablito/.m2/repository/org/apiguardian/apiguardian-api/1.1.2/apiguardian-api-1.1.2.jar:/home/pablito/.m2/repository/org/junit/jupiter/junit-jupiter/5.10.0/junit-jupiter-5.10.0.jar:/home/pablito/.m2/repository/org/junit/jupiter/junit-jupiter-params/5.10.0/junit-jupiter-params-5.10.0.jar:/home/pablito/.m2/repository/org/mockito/mockito-core/5.6.0/mockito-core-5.6.0.jar:/home/pablito/.m2/repository/net/bytebuddy/byte-buddy/1.14.8/byte-buddy-1.14.8.jar:/home/pablito/.m2/repository/net/bytebuddy/byte-buddy-agent/1.14.8/byte-buddy-agent-1.14.8.jar:/home/pablito/.m2/repository/org/objenesis/objenesis/3.3/objenesis-3.3.jar:/home/pablito/.m2/repository/org/mockito/mockito-junit-jupiter/5.6.0/mockito-junit-jupiter-5.6.0.jar:/home/pablito/.m2/repository/commons-codec/commons-codec/1.16.0/commons-codec-1.16.0.jar:/home/pablito/.m2/repository/com/fasterxml/jackson/core/jackson-databind/2.15.3/jackson-databind-2.15.3.jar:/home/pablito/.m2/repository/com/fasterxml/jackson/core/jackson-annotations/2.15.3/jackson-annotations-2.15.3.jar:/home/pablito/.m2/repository/com/fasterxml/jackson/core/jackson-core/2.15.3/jackson-core-2.15.3.jar:/home/pablito/.m2/repository/org/bouncycastle/bcprov-jdk18on/1.76/bcprov-jdk18on-1.76.jar:/home/pablito/.m2/repository/com/goterl/lazysodium-java/5.1.4/lazysodium-java-5.1.4.jar:/home/pablito/.m2/repository/net/java/dev/jna/jna/5.12.1/jna-5.12.1.jar:/home/pablito/.m2/repository/com/goterl/resource-loader/2.0.2/resource-loader-2.0.2.jar:/home/pablito/.m2/repository/org/slf4j/slf4j-api/2.0.3/slf4j-api-2.0.3.jar:/home/pablito/.m2/repository/org/bitcoinj/bitcoinj-core/0.16.2/bitcoinj-core-0.16.2.jar:/home/pablito/.m2/repository/net/jcip/jcip-annotations/1.0/jcip-annotations-1.0.jar:/home/pablito/.m2/repository/com/google/guava/guava/32.1.3-jre/guava-32.1.3-jre.jar:/home/pablito/.m2/repository/com/google/guava/failureaccess/1.0.1/failureaccess-1.0.1.jar:/home/pablito/.m2/repository/com/google/guava/listenablefuture/9999.0-empty-to-avoid-conflict-with-guava/listenablefuture-9999.0-empty-to-avoid-conflict-with-guava.jar:/home/pablito/.m2/repository/com/google/code/findbugs/jsr305/3.0.2/jsr305-3.0.2.jar:/home/pablito/.m2/repository/org/checkerframework/checker-qual/3.37.0/checker-qual-3.37.0.jar:/home/pablito/.m2/repository/com/google/errorprone/error_prone_annotations/2.21.1/error_prone_annotations-2.21.1.jar:/home/pablito/.m2/repository/com/google/j2objc/j2objc-annotations/2.8/j2objc-annotations-2.8.jar:/home/pablito/.m2/repository/org/json/json/20231013/json-20231013.jar:/home/pablito/.m2/repository/org/hyperledger/indy/1.16.0/indy-1.16.0.jar:/home/pablito/.m2/repository/org/apache/commons/commons-lang3/3.5/commons-lang3-3.5.jar:/home/pablito/.m2/repository/com/google/crypto/tink/tink/1.11.0/tink-1.11.0.jar:/home/pablito/.m2/repository/com/google/code/gson/gson/2.10.1/gson-2.10.1.jar:/home/pablito/.m2/repository/com/google/protobuf/protobuf-java/3.19.6/protobuf-java-3.19.6.jar:/home/pablito/.m2/repository/com/github/mattrglobal/bbs.signatures/1.5-21-07-2021/bbs.signatures-1.5-21-07-2021.jar:/home/pablito/.m2/repository/org/apache/commons/commons-math3/3.6.1/commons-math3-3.6.1.jar:/home/pablito/.m2/repository/org/web3j/crypto/5.0.0/crypto-5.0.0.jar:/home/pablito/.m2/repository/org/web3j/abi/5.0.0/abi-5.0.0.jar:/home/pablito/.m2/repository/org/web3j/rlp/5.0.0/rlp-5.0.0.jar:/home/pablito/.m2/repository/org/web3j/utils/5.0.0/utils-5.0.0.jar:/home/pablito/.m2/repository/org/example/PsmsLibrary/1.0-SNAPSHOT/PsmsLibrary-1.0-SNAPSHOT.jar:/home/pablito/.m2/repository/org/miracl/core/4.0-SNAPSHOT/core-4.0-SNAPSHOT.jar:/home/pablito/.m2/repository/org/hamcrest/hamcrest-core/2.2/hamcrest-core-2.2.jar:/home/pablito/.m2/repository/org/hamcrest/hamcrest/2.2/hamcrest-2.2.jar:/home/pablito/.m2/repository/decentralized-identity/jsonld-common-java/0.1.0/jsonld-common-java-0.1.0.jar:/home/pablito/.m2/repository/com/apicatalog/titanium-json-ld/0.8.5/titanium-json-ld-0.8.5.jar:/home/pablito/.m2/repository/org/glassfish/jakarta.json/1.1.6/jakarta.json-1.1.6.jar:/home/pablito/.m2/repository/com/github/multiformats/java-multibase/1.1.1/java-multibase-1.1.1.jar:"/>
    <property name="sun.cpu.endian" value="little"/>
    <property name="user.home" value="/home/pablito"/>
    <property name="user.language" value="en"/>
    <property name="java.specification.vendor" value="Oracle Corporation"/>
    <property name="java.version.date" value="2023-01-17"/>
    <property name="java.home" value="/usr/lib/jvm/java-17-oracle"/>
    <property name="file.separator" value="/"/>
    <property name="basedir" value="/home/pablito/Desktop/git/psms_waltid/WaltID/key-formats-java/key-formats-java"/>
    <property name="java.vm.compressedOopsMode" value="Zero based"/>
    <property name="line.separator" value="&#10;"/>
    <property name="java.vm.specification.vendor" value="Oracle Corporation"/>
    <property name="java.specification.name" value="Java Platform API Specification"/>
    <property name="surefire.real.class.path" value="/home/pablito/Desktop/git/psms_waltid/WaltID/key-formats-java/key-formats-java/target/surefire/surefirebooter-20240105191356370_3.jar"/>
    <property name="sun.management.compiler" value="HotSpot 64-Bit Tiered Compilers"/>
    <property name="java.runtime.version" value="17.0.6+9-LTS-190"/>
    <property name="user.name" value="pablito"/>
    <property name="path.separator" value=":"/>
    <property name="os.version" value="6.2.0-36-generic"/>
    <property name="java.runtime.name" value="Java(TM) SE Runtime Environment"/>
    <property name="file.encoding" value="UTF-8"/>
    <property name="jnidispatch.path" value="/home/pablito/.cache/JNA/temp/jna11472722733995492097.tmp"/>
    <property name="java.vm.name" value="Java HotSpot(TM) 64-Bit Server VM"/>
    <property name="jna.platform.library.path" value="/usr/lib/x86_64-linux-gnu:/lib/x86_64-linux-gnu:/usr/lib64:/lib64:/usr/lib:/lib:/usr/lib/x86_64-linux-gnu/libfakeroot"/>
    <property name="localRepository" value="/home/pablito/.m2/repository"/>
    <property name="jna.loaded" value="true"/>
    <property name="java.vendor.url.bug" value="https://bugreport.java.com/bugreport/"/>
    <property name="java.io.tmpdir" value="/tmp"/>
    <property name="java.version" value="17.0.6"/>
    <property name="user.dir" value="/home/pablito/Desktop/git/psms_waltid/WaltID/key-formats-java/key-formats-java"/>
    <property name="os.arch" value="amd64"/>
    <property name="java.vm.specification.name" value="Java Virtual Machine Specification"/>
    <property name="native.encoding" value="UTF-8"/>
    <property name="java.library.path" value="/usr/java/packages/lib:/usr/lib64:/lib64:/lib:/usr/lib"/>
    <property name="java.vm.info" value="mixed mode, sharing"/>
    <property name="java.vendor" value="Oracle Corporation"/>
    <property name="java.vm.version" value="17.0.6+9-LTS-190"/>
    <property name="sun.io.unicode.encoding" value="UnicodeLittle"/>
    <property name="java.class.version" value="61.0"/>
  </properties>
  <testcase name="testSignVerify" classname="com.danubetech.keyformats.keytypes.PsmsBlsTest" time="0.004">
    <error type="java.lang.ExceptionInInitializerError"><![CDATA[java.lang.ExceptionInInitializerError
	at com.danubetech.keyformats.keytypes.PsmsBlsTest.<clinit>(PsmsBlsTest.java:107)
	at java.base/java.lang.reflect.Constructor.newInstanceWithCaller(Constructor.java:499)
	at java.base/java.lang.reflect.Constructor.newInstance(Constructor.java:480)
	at java.base/java.util.Optional.orElseGet(Optional.java:364)
	at java.base/java.util.ArrayList.forEach(ArrayList.java:1511)
	at java.base/java.util.ArrayList.forEach(ArrayList.java:1511)
Caused by: com.fasterxml.jackson.databind.JsonMappingException: Illegal unquoted character ((CTRL-CHAR, code 10)): has to be escaped using backslash to be included in string value
 at [Source: (String)"    {
    "kty": "EC",
    "crv": "PSMS",
    "vx": "CngKOhFOkN4Pg8Qmqc7vNXv2kglzwY/bg7jCUJwMtiTz7Fzq1uW0w6g+HJuHoK+HrJnEFO2rv3+zDADEhVkSOgoE2lC9yara7RuTn+nrLAWCnHGOCUMkJq5rWKdsE3YMe96VoEJ8UVEsA7bYUU2hckKqIQU81NJObW4=",
    "vy_m": "CngKOgQJnDlpFvjBCBecKL9+kglmUUS0BkfaIqILTplq+RkSAK3/mVMpl1VH3CVZq68hK37u7JJ0067eioYSOgS3YNAMmpfbFJV1ZBptG74hHqfv3rtkulxAcbBA2u5eERCz+T38HfaSrRZW5K/F/91Aspq/UJ83wH8=",
    "vy_epoch": "CngKOhEHaXAjoSzR68u7UYMCDa8hWLizWbW/mmG2X/9BPMrJeNVnBPpjfg/ZIu4e0VGRFJX28geAo2J7xPE"[truncated 3573 chars]; line: 7, column: 232] (through reference chain: com.danubetech.keyformats.jose.JWK["vy"])
	at com.fasterxml.jackson.databind.JsonMappingException.wrapWithPath(JsonMappingException.java:402)
	at com.fasterxml.jackson.databind.JsonMappingException.wrapWithPath(JsonMappingException.java:361)
	at com.fasterxml.jackson.databind.deser.BeanDeserializerBase.wrapAndThrow(BeanDeserializerBase.java:1853)
	at com.fasterxml.jackson.databind.deser.BeanDeserializer.vanillaDeserialize(BeanDeserializer.java:316)
	at com.fasterxml.jackson.databind.deser.BeanDeserializer.deserialize(BeanDeserializer.java:177)
	at com.fasterxml.jackson.databind.deser.DefaultDeserializationContext.readRootValue(DefaultDeserializationContext.java:323)
	at com.fasterxml.jackson.databind.ObjectMapper._readMapAndClose(ObjectMapper.java:4825)
	at com.fasterxml.jackson.databind.ObjectMapper.readValue(ObjectMapper.java:3772)
	at com.fasterxml.jackson.databind.ObjectMapper.readValue(ObjectMapper.java:3740)
	at com.danubetech.keyformats.jose.JWK.fromJson(JWK.java:107)
	at com.danubetech.keyformats.keytypes.PsmsBlsTest.<clinit>(PsmsBlsTest.java:53)
	... 5 more
Caused by: com.fasterxml.jackson.core.JsonParseException: Illegal unquoted character ((CTRL-CHAR, code 10)): has to be escaped using backslash to be included in string value
 at [Source: (String)"    {
    "kty": "EC",
    "crv": "PSMS",
    "vx": "CngKOhFOkN4Pg8Qmqc7vNXv2kglzwY/bg7jCUJwMtiTz7Fzq1uW0w6g+HJuHoK+HrJnEFO2rv3+zDADEhVkSOgoE2lC9yara7RuTn+nrLAWCnHGOCUMkJq5rWKdsE3YMe96VoEJ8UVEsA7bYUU2hckKqIQU81NJObW4=",
    "vy_m": "CngKOgQJnDlpFvjBCBecKL9+kglmUUS0BkfaIqILTplq+RkSAK3/mVMpl1VH3CVZq68hK37u7JJ0067eioYSOgS3YNAMmpfbFJV1ZBptG74hHqfv3rtkulxAcbBA2u5eERCz+T38HfaSrRZW5K/F/91Aspq/UJ83wH8=",
    "vy_epoch": "CngKOhEHaXAjoSzR68u7UYMCDa8hWLizWbW/mmG2X/9BPMrJeNVnBPpjfg/ZIu4e0VGRFJX28geAo2J7xPE"[truncated 3573 chars]; line: 7, column: 232]
	at com.fasterxml.jackson.core.JsonParser._constructError(JsonParser.java:2477)
	at com.fasterxml.jackson.core.base.ParserMinimalBase._reportError(ParserMinimalBase.java:750)
	at com.fasterxml.jackson.core.base.ParserBase._throwUnquotedSpace(ParserBase.java:1374)
	at com.fasterxml.jackson.core.json.ReaderBasedJsonParser._finishString2(ReaderBasedJsonParser.java:2235)
	at com.fasterxml.jackson.core.json.ReaderBasedJsonParser._finishString(ReaderBasedJsonParser.java:2206)
	at com.fasterxml.jackson.core.json.ReaderBasedJsonParser.getText(ReaderBasedJsonParser.java:323)
	at com.fasterxml.jackson.databind.deser.std.StringDeserializer.deserialize(StringDeserializer.java:42)
	at com.fasterxml.jackson.databind.deser.std.StringDeserializer.deserialize(StringDeserializer.java:11)
	at com.fasterxml.jackson.databind.deser.impl.MethodProperty.deserializeAndSet(MethodProperty.java:129)
	at com.fasterxml.jackson.databind.deser.BeanDeserializer.vanillaDeserialize(BeanDeserializer.java:314)
	... 12 more
]]></error>
  </testcase>
  <testcase name="testPublicKey" classname="com.danubetech.keyformats.keytypes.PsmsBlsTest" time="0.001">
    <error message="Could not initialize class com.danubetech.keyformats.keytypes.PsmsBlsTest" type="java.lang.NoClassDefFoundError"><![CDATA[java.lang.NoClassDefFoundError: Could not initialize class com.danubetech.keyformats.keytypes.PsmsBlsTest
	at java.base/java.lang.reflect.Constructor.newInstanceWithCaller(Constructor.java:499)
	at java.base/java.lang.reflect.Constructor.newInstance(Constructor.java:480)
	at java.base/java.util.Optional.orElseGet(Optional.java:364)
	at java.base/java.util.ArrayList.forEach(ArrayList.java:1511)
	at java.base/java.util.ArrayList.forEach(ArrayList.java:1511)
]]></error>
  </testcase>
</testsuite>