<?xml version="1.0" encoding="UTF-8"?>
<testsuite xmlns:xsi="http://www.w3.org/2001/XMLSchema-instance" xsi:noNamespaceSchemaLocation="https://maven.apache.org/surefire/maven-surefire-plugin/xsd/surefire-test-report-3.0.xsd" version="3.0" name="com.danubetech.keyformats.provider.Ed25519ProviderTest" time="0.092" tests="2" errors="0" skipped="0" failures="0">
  <properties>
    <property name="java.specification.version" value="17"/>
    <property name="sun.jnu.encoding" value="UTF-8"/>
    <property name="java.class.path" value="/home/pablito/Desktop/git/psms_waltid/WaltID/key-formats-java/key-formats-java/target/test-classes:/home/pablito/Desktop/git/psms_waltid/WaltID/key-formats-java/key-formats-java/target/classes:/home/pablito/.m2/repository/org/junit/jupiter/junit-jupiter-engine/5.10.0/junit-jupiter-engine-5.10.0.jar:/home/pablito/.m2/repository/org/junit/platform/junit-platform-engine/1.10.0/junit-platform-engine-1.10.0.jar:/home/pablito/.m2/repository/org/opentest4j/opentest4j/1.3.0/opentest4j-1.3.0.jar:/home/pablito/.m2/repository/org/junit/platform/junit-platform-commons/1.10.0/junit-platform-commons-1.10.0.jar:/home/pablito/.m2/repository/org/junit/jupiter/junit-jupiter-api/5.10.0/junit-jupiter-api-5.10.0.jar:/home/pablito/.m2/repository/org/apiguardian/apiguardian-api/1.1.2/apiguardian-api-1.1.2.jar:/home/pablito/.m2/repository/org/junit/jupiter/junit-jupiter/5.10.0/junit-jupiter-5.10.0.jar:/home/pablito/.m2/repository/org/junit/jupiter/junit-jupiter-params/5.10.0/junit-jupiter-params-5.10.0.jar:/home/pablito/.m2/repository/org/mockito/mockito-core/5.6.0/mockito-core-5.6.0.jar:/home/pablito/.m2/repository/net/bytebuddy/byte-buddy/1.14.8/byte-buddy-1.14.8.jar:/home/pablito/.m2/repository/net/bytebuddy/byte-buddy-agent/1.14.8/byte-buddy-agent-1.14.8.jar:/home/pablito/.m2/repository/org/objenesis/objenesis/3.3/objenesis-3.3.jar:/home/pablito/.m2/repository/org/mockito/mockito-junit-jupiter/5.6.0/mockito-junit-jupiter-5.6.0.jar:/home/pablito/.m2/repository/commons-codec/commons-codec/1.16.0/commons-codec-1.16.0.jar:/home/pablito/.m2/repository/com/fasterxml/jackson/core/jackson-databind/2.15.3/jackson-databind-2.15.3.jar:/home/pablito/.m2/repository/com/fasterxml/jackson/core/jackson-annotations/2.15.3/jackson-annotations-2.15.3.jar:/home/pablito/.m2/repository/com/fasterxml/jackson/core/jackson-core/2.15.3/jackson-core-2.15.3.jar:/home/pablito/.m2/repository/org/bouncycastle/bcprov-jdk18on/1.76/bcprov-jdk18on-1.76.jar:/home/pablito/.m2/repository/com/goterl/lazysodium-java/5.1.4/lazysodium-java-5.1.4.jar:/home/pablito/.m2/repository/net/java/dev/jna/jna/5.12.1/jna-5.12.1.jar:/home/pablito/.m2/repository/com/goterl/resource-loader/2.0.2/resource-loader-2.0.2.jar:/home/pablito/.m2/repository/org/slf4j/slf4j-api/2.0.3/slf4j-api-2.0.3.jar:/home/pablito/.m2/repository/org/bitcoinj/bitcoinj-core/0.16.2/bitcoinj-core-0.16.2.jar:/home/pablito/.m2/repository/net/jcip/jcip-annotations/1.0/jcip-annotations-1.0.jar:/home/pablito/.m2/repository/com/google/guava/guava/32.1.3-jre/guava-32.1.3-jre.jar:/home/pablito/.m2/repository/com/google/guava/failureaccess/1.0.1/failureaccess-1.0.1.jar:/home/pablito/.m2/repository/com/google/guava/listenablefuture/9999.0-empty-to-avoid-conflict-with-guava/listenablefuture-9999.0-empty-to-avoid-conflict-with-guava.jar:/home/pablito/.m2/repository/com/google/code/findbugs/jsr305/3.0.2/jsr305-3.0.2.jar:/home/pablito/.m2/repository/org/checkerframework/checker-qual/3.37.0/checker-qual-3.37.0.jar:/home/pablito/.m2/repository/com/google/errorprone/error_prone_annotations/2.21.1/error_prone_annotations-2.21.1.jar:/home/pablito/.m2/repository/com/google/j2objc/j2objc-annotations/2.8/j2objc-annotations-2.8.jar:/home/pablito/.m2/repository/org/json/json/20231013/json-20231013.jar:/home/pablito/.m2/repository/org/hyperledger/indy/1.16.0/indy-1.16.0.jar:/home/pablito/.m2/repository/org/apache/commons/commons-lang3/3.5/commons-lang3-3.5.jar:/home/pablito/.m2/repository/com/google/crypto/tink/tink/1.11.0/tink-1.11.0.jar:/home/pablito/.m2/repository/com/google/code/gson/gson/2.10.1/gson-2.10.1.jar:/home/pablito/.m2/repository/com/google/protobuf/protobuf-java/3.19.6/protobuf-java-3.19.6.jar:/home/pablito/.m2/repository/com/github/mattrglobal/bbs.signatures/1.5-21-07-2021/bbs.signatures-1.5-21-07-2021.jar:/home/pablito/.m2/repository/org/apache/commons/commons-math3/3.6.1/commons-math3-3.6.1.jar:/home/pablito/.m2/repository/org/web3j/crypto/5.0.0/crypto-5.0.0.jar:/home/pablito/.m2/repository/org/web3j/abi/5.0.0/abi-5.0.0.jar:/home/pablito/.m2/repository/org/web3j/rlp/5.0.0/rlp-5.0.0.jar:/home/pablito/.m2/repository/org/web3j/utils/5.0.0/utils-5.0.0.jar:/home/pablito/.m2/repository/org/example/PsmsLibrary/1.0-SNAPSHOT/PsmsLibrary-1.0-SNAPSHOT.jar:/home/pablito/.m2/repository/org/miracl/core/4.0-SNAPSHOT/core-4.0-SNAPSHOT.jar:/home/pablito/.m2/repository/org/hamcrest/hamcrest-core/2.2/hamcrest-core-2.2.jar:/home/pablito/.m2/repository/org/hamcrest/hamcrest/2.2/hamcrest-2.2.jar:/home/pablito/.m2/repository/decentralized-identity/jsonld-common-java/0.1.0/jsonld-common-java-0.1.0.jar:/home/pablito/.m2/repository/com/apicatalog/titanium-json-ld/0.8.5/titanium-json-ld-0.8.5.jar:/home/pablito/.m2/repository/org/glassfish/jakarta.json/1.1.6/jakarta.json-1.1.6.jar:/home/pablito/.m2/repository/com/github/multiformats/java-multibase/1.1.1/java-multibase-1.1.1.jar:"/>
    <property name="java.vm.vendor" value="Oracle Corporation"/>
    <property name="sun.arch.data.model" value="64"/>
    <property name="java.vendor.url" value="https://java.oracle.com/"/>
    <property name="os.name" value="Linux"/>
    <property name="java.vm.specification.version" value="17"/>
    <property name="sun.java.launcher" value="SUN_STANDARD"/>
    <property name="user.country" value="US"/>
    <property name="sun.boot.library.path" value="/usr/lib/jvm/java-17-oracle/lib"/>
    <property name="sun.java.command" value="/home/pablito/Desktop/git/psms_waltid/WaltID/key-formats-java/key-formats-java/target/surefire/surefirebooter-20240110122146098_3.jar /home/pablito/Desktop/git/psms_waltid/WaltID/key-formats-java/key-formats-java/target/surefire 2024-01-10T12-21-46_046-jvmRun1 surefire-20240110122146098_1tmp surefire_0-20240110122146098_2tmp"/>
    <property name="jdk.debug" value="release"/>
    <property name="surefire.test.class.path" value="/home/pablito/Desktop/git/psms_waltid/WaltID/key-formats-java/key-formats-java/target/test-classes:/home/pablito/Desktop/git/psms_waltid/WaltID/key-formats-java/key-formats-java/target/classes:/home/pablito/.m2/repository/org/junit/jupiter/junit-jupiter-engine/5.10.0/junit-jupiter-engine-5.10.0.jar:/home/pablito/.m2/repository/org/junit/platform/junit-platform-engine/1.10.0/junit-platform-engine-1.10.0.jar:/home/pablito/.m2/repository/org/opentest4j/opentest4j/1.3.0/opentest4j-1.3.0.jar:/home/pablito/.m2/repository/org/junit/platform/junit-platform-commons/1.10.0/junit-platform-commons-1.10.0.jar:/home/pablito/.m2/repository/org/junit/jupiter/junit-jupiter-api/5.10.0/junit-jupiter-api-5.10.0.jar:/home/pablito/.m2/repository/org/apiguardian/apiguardian-api/1.1.2/apiguardian-api-1.1.2.jar:/home/pablito/.m2/repository/org/junit/jupiter/junit-jupiter/5.10.0/junit-jupiter-5.10.0.jar:/home/pablito/.m2/repository/org/junit/jupiter/junit-jupiter-params/5.10.0/junit-jupiter-params-5.10.0.jar:/home/pablito/.m2/repository/org/mockito/mockito-core/5.6.0/mockito-core-5.6.0.jar:/home/pablito/.m2/repository/net/bytebuddy/byte-buddy/1.14.8/byte-buddy-1.14.8.jar:/home/pablito/.m2/repository/net/bytebuddy/byte-buddy-agent/1.14.8/byte-buddy-agent-1.14.8.jar:/home/pablito/.m2/repository/org/objenesis/objenesis/3.3/objenesis-3.3.jar:/home/pablito/.m2/repository/org/mockito/mockito-junit-jupiter/5.6.0/mockito-junit-jupiter-5.6.0.jar:/home/pablito/.m2/repository/commons-codec/commons-codec/1.16.0/commons-codec-1.16.0.jar:/home/pablito/.m2/repository/com/fasterxml/jackson/core/jackson-databind/2.15.3/jackson-databind-2.15.3.jar:/home/pablito/.m2/repository/com/fasterxml/jackson/core/jackson-annotations/2.15.3/jackson-annotations-2.15.3.jar:/home/pablito/.m2/repository/com/fasterxml/jackson/core/jackson-core/2.15.3/jackson-core-2.15.3.jar:/home/pablito/.m2/repository/org/bouncycastle/bcprov-jdk18on/1.76/bcprov-jdk18on-1.76.jar:/home/pablito/.m2/repository/com/goterl/lazysodium-java/5.1.4/lazysodium-java-5.1.4.jar:/home/pablito/.m2/repository/net/java/dev/jna/jna/5.12.1/jna-5.12.1.jar:/home/pablito/.m2/repository/com/goterl/resource-loader/2.0.2/resource-loader-2.0.2.jar:/home/pablito/.m2/repository/org/slf4j/slf4j-api/2.0.3/slf4j-api-2.0.3.jar:/home/pablito/.m2/repository/org/bitcoinj/bitcoinj-core/0.16.2/bitcoinj-core-0.16.2.jar:/home/pablito/.m2/repository/net/jcip/jcip-annotations/1.0/jcip-annotations-1.0.jar:/home/pablito/.m2/repository/com/google/guava/guava/32.1.3-jre/guava-32.1.3-jre.jar:/home/pablito/.m2/repository/com/google/guava/failureaccess/1.0.1/failureaccess-1.0.1.jar:/home/pablito/.m2/repository/com/google/guava/listenablefuture/9999.0-empty-to-avoid-conflict-with-guava/listenablefuture-9999.0-empty-to-avoid-conflict-with-guava.jar:/home/pablito/.m2/repository/com/google/code/findbugs/jsr305/3.0.2/jsr305-3.0.2.jar:/home/pablito/.m2/repository/org/checkerframework/checker-qual/3.37.0/checker-qual-3.37.0.jar:/home/pablito/.m2/repository/com/google/errorprone/error_prone_annotations/2.21.1/error_prone_annotations-2.21.1.jar:/home/pablito/.m2/repository/com/google/j2objc/j2objc-annotations/2.8/j2objc-annotations-2.8.jar:/home/pablito/.m2/repository/org/json/json/20231013/json-20231013.jar:/home/pablito/.m2/repository/org/hyperledger/indy/1.16.0/indy-1.16.0.jar:/home/pablito/.m2/repository/org/apache/commons/commons-lang3/3.5/commons-lang3-3.5.jar:/home/pablito/.m2/repository/com/google/crypto/tink/tink/1.11.0/tink-1.11.0.jar:/home/pablito/.m2/repository/com/google/code/gson/gson/2.10.1/gson-2.10.1.jar:/home/pablito/.m2/repository/com/google/protobuf/protobuf-java/3.19.6/protobuf-java-3.19.6.jar:/home/pablito/.m2/repository/com/github/mattrglobal/bbs.signatures/1.5-21-07-2021/bbs.signatures-1.5-21-07-2021.jar:/home/pablito/.m2/repository/org/apache/commons/commons-math3/3.6.1/commons-math3-3.6.1.jar:/home/pablito/.m2/repository/org/web3j/crypto/5.0.0/crypto-5.0.0.jar:/home/pablito/.m2/repository/org/web3j/abi/5.0.0/abi-5.0.0.jar:/home/pablito/.m2/repository/org/web3j/rlp/5.0.0/rlp-5.0.0.jar:/home/pablito/.m2/repository/org/web3j/utils/5.0.0/utils-5.0.0.jar:/home/pablito/.m2/repository/org/example/PsmsLibrary/1.0-SNAPSHOT/PsmsLibrary-1.0-SNAPSHOT.jar:/home/pablito/.m2/repository/org/miracl/core/4.0-SNAPSHOT/core-4.0-SNAPSHOT.jar:/home/pablito/.m2/repository/org/hamcrest/hamcrest-core/2.2/hamcrest-core-2.2.jar:/home/pablito/.m2/repository/org/hamcrest/hamcrest/2.2/hamcrest-2.2.jar:/home/pablito/.m2/repository/decentralized-identity/jsonld-common-java/0.1.0/jsonld-common-java-0.1.0.jar:/home/pablito/.m2/repository/com/apicatalog/titanium-json-ld/0.8.5/titanium-json-ld-0.8.5.jar:/home/pablito/.m2/repository/org/glassfish/jakarta.json/1.1.6/jakarta.json-1.1.6.jar:/home/pablito/.m2/repository/com/github/multiformats/java-multibase/1.1.1/java-multibase-1.1.1.jar:"/>
    <property name="sun.cpu.endian" value="little"/>
    <property name="user.home" value="/home/pablito"/>
    <property name="user.language" value="en"/>
    <property name="java.specification.vendor" value="Oracle Corporation"/>
    <property name="java.version.date" value="2023-01-17"/>
    <property name="java.home" value="/usr/lib/jvm/java-17-oracle"/>
    <property name="file.separator" value="/"/>
    <property name="basedir" value="/home/pablito/Desktop/git/psms_waltid/WaltID/key-formats-java/key-formats-java"/>
    <property name="java.vm.compressedOopsMode" value="Zero based"/>
    <property name="line.separator" value="&#10;"/>
    <property name="java.vm.specification.vendor" value="Oracle Corporation"/>
    <property name="java.specification.name" value="Java Platform API Specification"/>
    <property name="surefire.real.class.path" value="/home/pablito/Desktop/git/psms_waltid/WaltID/key-formats-java/key-formats-java/target/surefire/surefirebooter-20240110122146098_3.jar"/>
    <property name="sun.management.compiler" value="HotSpot 64-Bit Tiered Compilers"/>
    <property name="java.runtime.version" value="17.0.6+9-LTS-190"/>
    <property name="user.name" value="pablito"/>
    <property name="path.separator" value=":"/>
    <property name="os.version" value="6.2.0-36-generic"/>
    <property name="java.runtime.name" value="Java(TM) SE Runtime Environment"/>
    <property name="file.encoding" value="UTF-8"/>
    <property name="jnidispatch.path" value="/home/pablito/.cache/JNA/temp/jna18322720542212627484.tmp"/>
    <property name="java.vm.name" value="Java HotSpot(TM) 64-Bit Server VM"/>
    <property name="jna.platform.library.path" value="/usr/lib/x86_64-linux-gnu:/lib/x86_64-linux-gnu:/usr/lib64:/lib64:/usr/lib:/lib:/usr/lib/x86_64-linux-gnu/libfakeroot"/>
    <property name="localRepository" value="/home/pablito/.m2/repository"/>
    <property name="jna.loaded" value="true"/>
    <property name="java.vendor.url.bug" value="https://bugreport.java.com/bugreport/"/>
    <property name="java.io.tmpdir" value="/tmp"/>
    <property name="java.version" value="17.0.6"/>
    <property name="user.dir" value="/home/pablito/Desktop/git/psms_waltid/WaltID/key-formats-java/key-formats-java"/>
    <property name="os.arch" value="amd64"/>
    <property name="java.vm.specification.name" value="Java Virtual Machine Specification"/>
    <property name="native.encoding" value="UTF-8"/>
    <property name="java.library.path" value="/usr/java/packages/lib:/usr/lib64:/lib64:/lib:/usr/lib"/>
    <property name="java.vm.info" value="mixed mode, sharing"/>
    <property name="java.vendor" value="Oracle Corporation"/>
    <property name="java.vm.version" value="17.0.6+9-LTS-190"/>
    <property name="sun.io.unicode.encoding" value="UnicodeLittle"/>
    <property name="java.class.version" value="61.0"/>
  </properties>
  <testcase name="testNaClSodiumEd25519Provider" classname="com.danubetech.keyformats.provider.Ed25519ProviderTest" time="0.007"/>
  <testcase name="testTinkEd25519Provider" classname="com.danubetech.keyformats.provider.Ed25519ProviderTest" time="0.084"/>
</testsuite>